Determining if the pthread_create exist failed with the following output:
Change Dir: /home/satyam/catkin_ws/build/pkg_ros_actions/CMakeFiles/CMakeTmp

Run Build Command:"/usr/bin/make" "cmTC_e055b/fast"
/usr/bin/make -f CMakeFiles/cmTC_e055b.dir/build.make CMakeFiles/cmTC_e055b.dir/build
make[1]: Entering directory '/home/satyam/catkin_ws/build/pkg_ros_actions/CMakeFiles/CMakeTmp'
Building C object CMakeFiles/cmTC_e055b.dir/CheckSymbolExists.c.o
/usr/bin/cc    -o CMakeFiles/cmTC_e055b.dir/CheckSymbolExists.c.o   -c /home/satyam/catkin_ws/build/pkg_ros_actions/CMakeFiles/CMakeTmp/CheckSymbolExists.c
Linking C executable cmTC_e055b
/usr/bin/cmake -E cmake_link_script CMakeFiles/cmTC_e055b.dir/link.txt --verbose=1
/usr/bin/cc      -rdynamic CMakeFiles/cmTC_e055b.dir/CheckSymbolExists.c.o  -o cmTC_e055b 
CMakeFiles/cmTC_e055b.dir/CheckSymbolExists.c.o: In function `main':
CheckSymbolExists.c:(.text+0x1b): undefined reference to `pthread_create'
collect2: error: ld returned 1 exit status
CMakeFiles/cmTC_e055b.dir/build.make:97: recipe for target 'cmTC_e055b' failed
make[1]: *** [cmTC_e055b] Error 1
make[1]: Leaving directory '/home/satyam/catkin_ws/build/pkg_ros_actions/CMakeFiles/CMakeTmp'
Makefile:126: recipe for target 'cmTC_e055b/fast' failed
make: *** [cmTC_e055b/fast] Error 2

File /home/satyam/catkin_ws/build/pkg_ros_actions/CMakeFiles/CMakeTmp/CheckSymbolExists.c:
/* */
#include <pthread.h>

int main(int argc, char** argv)
{
  (void)argv;
#ifndef pthread_create
  return ((int*)(&pthread_create))[argc];
#else
  (void)argc;
  return 0;
#endif
}

Determining if the function pthread_create exists in the pthreads failed with the following output:
Change Dir: /home/satyam/catkin_ws/build/pkg_ros_actions/CMakeFiles/CMakeTmp

Run Build Command:"/usr/bin/make" "cmTC_aa405/fast"
/usr/bin/make -f CMakeFiles/cmTC_aa405.dir/build.make CMakeFiles/cmTC_aa405.dir/build
make[1]: Entering directory '/home/satyam/catkin_ws/build/pkg_ros_actions/CMakeFiles/CMakeTmp'
Building C object CMakeFiles/cmTC_aa405.dir/CheckFunctionExists.c.o
/usr/bin/cc   -DCHECK_FUNCTION_EXISTS=pthread_create   -o CMakeFiles/cmTC_aa405.dir/CheckFunctionExists.c.o   -c /usr/share/cmake-3.10/Modules/CheckFunctionExists.c
Linking C executable cmTC_aa405
/usr/bin/cmake -E cmake_link_script CMakeFiles/cmTC_aa405.dir/link.txt --verbose=1
/usr/bin/cc  -DCHECK_FUNCTION_EXISTS=pthread_create    -rdynamic CMakeFiles/cmTC_aa405.dir/CheckFunctionExists.c.o  -o cmTC_aa405 -lpthreads 
/usr/bin/ld: cannot find -lpthreads
collect2: error: ld returned 1 exit status
CMakeFiles/cmTC_aa405.dir/build.make:97: recipe for target 'cmTC_aa405' failed
make[1]: *** [cmTC_aa405] Error 1
make[1]: Leaving directory '/home/satyam/catkin_ws/build/pkg_ros_actions/CMakeFiles/CMakeTmp'
Makefile:126: recipe for target 'cmTC_aa405/fast' failed
make: *** [cmTC_aa405/fast] Error 2


