Determining if the pthread_create exist failed with the following output:
Change Dir: /home/satyam/catkin_ws/build/ur_bringup/CMakeFiles/CMakeTmp

Run Build Command:"/usr/bin/make" "cmTC_c29ff/fast"
/usr/bin/make -f CMakeFiles/cmTC_c29ff.dir/build.make CMakeFiles/cmTC_c29ff.dir/build
make[1]: Entering directory '/home/satyam/catkin_ws/build/ur_bringup/CMakeFiles/CMakeTmp'
Building C object CMakeFiles/cmTC_c29ff.dir/CheckSymbolExists.c.o
/usr/bin/cc    -o CMakeFiles/cmTC_c29ff.dir/CheckSymbolExists.c.o   -c /home/satyam/catkin_ws/build/ur_bringup/CMakeFiles/CMakeTmp/CheckSymbolExists.c
Linking C executable cmTC_c29ff
/usr/bin/cmake -E cmake_link_script CMakeFiles/cmTC_c29ff.dir/link.txt --verbose=1
/usr/bin/cc      -rdynamic CMakeFiles/cmTC_c29ff.dir/CheckSymbolExists.c.o  -o cmTC_c29ff 
CMakeFiles/cmTC_c29ff.dir/CheckSymbolExists.c.o: In function `main':
CheckSymbolExists.c:(.text+0x1b): undefined reference to `pthread_create'
collect2: error: ld returned 1 exit status
CMakeFiles/cmTC_c29ff.dir/build.make:97: recipe for target 'cmTC_c29ff' failed
make[1]: *** [cmTC_c29ff] Error 1
make[1]: Leaving directory '/home/satyam/catkin_ws/build/ur_bringup/CMakeFiles/CMakeTmp'
Makefile:126: recipe for target 'cmTC_c29ff/fast' failed
make: *** [cmTC_c29ff/fast] Error 2

File /home/satyam/catkin_ws/build/ur_bringup/CMakeFiles/CMakeTmp/CheckSymbolExists.c:
/* */
#include <pthread.h>

int main(int argc, char** argv)
{
  (void)argv;
#ifndef pthread_create
  return ((int*)(&pthread_create))[argc];
#else
  (void)argc;
  return 0;
#endif
}

Determining if the function pthread_create exists in the pthreads failed with the following output:
Change Dir: /home/satyam/catkin_ws/build/ur_bringup/CMakeFiles/CMakeTmp

Run Build Command:"/usr/bin/make" "cmTC_b1faa/fast"
/usr/bin/make -f CMakeFiles/cmTC_b1faa.dir/build.make CMakeFiles/cmTC_b1faa.dir/build
make[1]: Entering directory '/home/satyam/catkin_ws/build/ur_bringup/CMakeFiles/CMakeTmp'
Building C object CMakeFiles/cmTC_b1faa.dir/CheckFunctionExists.c.o
/usr/bin/cc   -DCHECK_FUNCTION_EXISTS=pthread_create   -o CMakeFiles/cmTC_b1faa.dir/CheckFunctionExists.c.o   -c /usr/share/cmake-3.10/Modules/CheckFunctionExists.c
Linking C executable cmTC_b1faa
/usr/bin/cmake -E cmake_link_script CMakeFiles/cmTC_b1faa.dir/link.txt --verbose=1
/usr/bin/cc  -DCHECK_FUNCTION_EXISTS=pthread_create    -rdynamic CMakeFiles/cmTC_b1faa.dir/CheckFunctionExists.c.o  -o cmTC_b1faa -lpthreads 
/usr/bin/ld: cannot find -lpthreads
collect2: error: ld returned 1 exit status
CMakeFiles/cmTC_b1faa.dir/build.make:97: recipe for target 'cmTC_b1faa' failed
make[1]: *** [cmTC_b1faa] Error 1
make[1]: Leaving directory '/home/satyam/catkin_ws/build/ur_bringup/CMakeFiles/CMakeTmp'
Makefile:126: recipe for target 'cmTC_b1faa/fast' failed
make: *** [cmTC_b1faa/fast] Error 2


