[35m[1mScanning dependencies of target _pkg_iot_ros_bridge_generate_messages_check_deps_msgIotRosActionResult[0m
[  0%] Built target _pkg_iot_ros_bridge_generate_messages_check_deps_msgIotRosActionResult
[35m[1mScanning dependencies of target _pkg_iot_ros_bridge_generate_messages_check_deps_msgIotRosFeedback[0m
[  0%] Built target _pkg_iot_ros_bridge_generate_messages_check_deps_msgIotRosFeedback
[35m[1mScanning dependencies of target std_msgs_generate_messages_cpp[0m
[  0%] Built target std_msgs_generate_messages_cpp
[35m[1mScanning dependencies of target _pkg_iot_ros_bridge_generate_messages_check_deps_msgIotRosActionFeedback[0m
[  0%] Built target _pkg_iot_ros_bridge_generate_messages_check_deps_msgIotRosActionFeedback
[35m[1mScanning dependencies of target _pkg_iot_ros_bridge_generate_messages_check_deps_msgIotRosResult[0m
[  0%] Built target _pkg_iot_ros_bridge_generate_messages_check_deps_msgIotRosResult
[35m[1mScanning dependencies of target actionlib_msgs_generate_messages_cpp[0m
[  0%] Built target actionlib_msgs_generate_messages_cpp
[35m[1mScanning dependencies of target _pkg_iot_ros_bridge_generate_messages_check_deps_msgIotRosAction[0m
[  0%] Built target _pkg_iot_ros_bridge_generate_messages_check_deps_msgIotRosAction
[35m[1mScanning dependencies of target _pkg_iot_ros_bridge_generate_messages_check_deps_msgIotRosGoal[0m
[  0%] Built target _pkg_iot_ros_bridge_generate_messages_check_deps_msgIotRosGoal
[35m[1mScanning dependencies of target _pkg_iot_ros_bridge_generate_messages_check_deps_msgMqttSub[0m
[  0%] Built target _pkg_iot_ros_bridge_generate_messages_check_deps_msgMqttSub
[35m[1mScanning dependencies of target _pkg_iot_ros_bridge_generate_messages_check_deps_msgIotRosActionGoal[0m
[  0%] Built target _pkg_iot_ros_bridge_generate_messages_check_deps_msgIotRosActionGoal
[35m[1mScanning dependencies of target actionlib_msgs_generate_messages_py[0m
[  0%] Built target actionlib_msgs_generate_messages_py
[35m[1mScanning dependencies of target std_msgs_generate_messages_py[0m
[  0%] Built target std_msgs_generate_messages_py
[35m[1mScanning dependencies of target actionlib_msgs_generate_messages_nodejs[0m
[  0%] Built target actionlib_msgs_generate_messages_nodejs
[35m[1mScanning dependencies of target std_msgs_generate_messages_nodejs[0m
[  0%] Built target std_msgs_generate_messages_nodejs
[35m[1mScanning dependencies of target std_msgs_generate_messages_eus[0m
[  0%] Built target std_msgs_generate_messages_eus
[35m[1mScanning dependencies of target actionlib_msgs_generate_messages_eus[0m
[  0%] Built target actionlib_msgs_generate_messages_eus
[35m[1mScanning dependencies of target std_msgs_generate_messages_lisp[0m
[  0%] Built target std_msgs_generate_messages_lisp
[35m[1mScanning dependencies of target actionlib_msgs_generate_messages_lisp[0m
[  0%] Built target actionlib_msgs_generate_messages_lisp
[35m[1mScanning dependencies of target pkg_iot_ros_bridge_generate_messages_cpp[0m
[  2%] [34m[1mGenerating C++ code from pkg_iot_ros_bridge/msgIotRosResult.msg[0m
[  4%] [34m[1mGenerating C++ code from pkg_iot_ros_bridge/msgIotRosAction.msg[0m
[  7%] [34m[1mGenerating C++ code from pkg_iot_ros_bridge/msgIotRosActionFeedback.msg[0m
[  9%] [34m[1mGenerating C++ code from pkg_iot_ros_bridge/msgIotRosGoal.msg[0m
[ 11%] [34m[1mGenerating C++ code from pkg_iot_ros_bridge/msgMqttSub.msg[0m
[ 14%] [34m[1mGenerating C++ code from pkg_iot_ros_bridge/msgIotRosActionGoal.msg[0m
[ 16%] [34m[1mGenerating C++ code from pkg_iot_ros_bridge/msgIotRosFeedback.msg[0m
[ 19%] [34m[1mGenerating C++ code from pkg_iot_ros_bridge/msgIotRosActionResult.msg[0m
[ 19%] Built target pkg_iot_ros_bridge_generate_messages_cpp
[35m[1mScanning dependencies of target pkg_iot_ros_bridge_generate_messages_py[0m
[ 21%] [34m[1mGenerating Python from MSG pkg_iot_ros_bridge/msgIotRosResult[0m
[ 23%] [34m[1mGenerating Python from MSG pkg_iot_ros_bridge/msgIotRosAction[0m
[ 26%] [34m[1mGenerating Python from MSG pkg_iot_ros_bridge/msgIotRosActionFeedback[0m
[ 28%] [34m[1mGenerating Python from MSG pkg_iot_ros_bridge/msgIotRosGoal[0m
[ 30%] [34m[1mGenerating Python from MSG pkg_iot_ros_bridge/msgMqttSub[0m
[ 33%] [34m[1mGenerating Python from MSG pkg_iot_ros_bridge/msgIotRosActionGoal[0m
[ 35%] [34m[1mGenerating Python from MSG pkg_iot_ros_bridge/msgIotRosFeedback[0m
[ 38%] [34m[1mGenerating Python from MSG pkg_iot_ros_bridge/msgIotRosActionResult[0m
[ 40%] [34m[1mGenerating Python msg __init__.py for pkg_iot_ros_bridge[0m
[ 40%] Built target pkg_iot_ros_bridge_generate_messages_py
[35m[1mScanning dependencies of target pkg_iot_ros_bridge_generate_messages_nodejs[0m
[ 42%] [34m[1mGenerating Javascript code from pkg_iot_ros_bridge/msgIotRosResult.msg[0m
[ 45%] [34m[1mGenerating Javascript code from pkg_iot_ros_bridge/msgIotRosAction.msg[0m
[ 47%] [34m[1mGenerating Javascript code from pkg_iot_ros_bridge/msgIotRosActionFeedback.msg[0m
[ 50%] [34m[1mGenerating Javascript code from pkg_iot_ros_bridge/msgIotRosGoal.msg[0m
[ 52%] [34m[1mGenerating Javascript code from pkg_iot_ros_bridge/msgMqttSub.msg[0m
[ 54%] [34m[1mGenerating Javascript code from pkg_iot_ros_bridge/msgIotRosActionGoal.msg[0m
[ 57%] [34m[1mGenerating Javascript code from pkg_iot_ros_bridge/msgIotRosFeedback.msg[0m
[ 59%] [34m[1mGenerating Javascript code from pkg_iot_ros_bridge/msgIotRosActionResult.msg[0m
[ 59%] Built target pkg_iot_ros_bridge_generate_messages_nodejs
[35m[1mScanning dependencies of target pkg_iot_ros_bridge_generate_messages_eus[0m
[ 61%] [34m[1mGenerating EusLisp code from pkg_iot_ros_bridge/msgIotRosResult.msg[0m
[ 64%] [34m[1mGenerating EusLisp code from pkg_iot_ros_bridge/msgIotRosAction.msg[0m
[ 66%] [34m[1mGenerating EusLisp code from pkg_iot_ros_bridge/msgIotRosActionFeedback.msg[0m
[ 69%] [34m[1mGenerating EusLisp code from pkg_iot_ros_bridge/msgIotRosGoal.msg[0m
[ 71%] [34m[1mGenerating EusLisp code from pkg_iot_ros_bridge/msgMqttSub.msg[0m
[ 73%] [34m[1mGenerating EusLisp code from pkg_iot_ros_bridge/msgIotRosActionGoal.msg[0m
[ 76%] [34m[1mGenerating EusLisp code from pkg_iot_ros_bridge/msgIotRosFeedback.msg[0m
[ 78%] [34m[1mGenerating EusLisp code from pkg_iot_ros_bridge/msgIotRosActionResult.msg[0m
[ 80%] [34m[1mGenerating EusLisp manifest code for pkg_iot_ros_bridge[0m
[35m[1mScanning dependencies of target pkg_iot_ros_bridge_generate_messages_lisp[0m
[ 83%] [34m[1mGenerating Lisp code from pkg_iot_ros_bridge/msgIotRosResult.msg[0m
[ 85%] [34m[1mGenerating Lisp code from pkg_iot_ros_bridge/msgIotRosAction.msg[0m
[ 88%] [34m[1mGenerating Lisp code from pkg_iot_ros_bridge/msgIotRosActionFeedback.msg[0m
[ 90%] [34m[1mGenerating Lisp code from pkg_iot_ros_bridge/msgIotRosGoal.msg[0m
[ 92%] [34m[1mGenerating Lisp code from pkg_iot_ros_bridge/msgMqttSub.msg[0m
[ 95%] [34m[1mGenerating Lisp code from pkg_iot_ros_bridge/msgIotRosActionGoal.msg[0m
[ 97%] [34m[1mGenerating Lisp code from pkg_iot_ros_bridge/msgIotRosFeedback.msg[0m
[100%] [34m[1mGenerating Lisp code from pkg_iot_ros_bridge/msgIotRosActionResult.msg[0m
[100%] Built target pkg_iot_ros_bridge_generate_messages_lisp
[100%] Built target pkg_iot_ros_bridge_generate_messages_eus
[35m[1mScanning dependencies of target pkg_iot_ros_bridge_generate_messages[0m
[100%] Built target pkg_iot_ros_bridge_generate_messages
