[  0%] Built target _pkg_iot_ros_bridge_generate_messages_check_deps_msgIotRosActionResult
[  0%] Built target _pkg_iot_ros_bridge_generate_messages_check_deps_msgIotRosFeedback
[  0%] Built target std_msgs_generate_messages_cpp
[  0%] Built target _pkg_iot_ros_bridge_generate_messages_check_deps_msgIotRosActionFeedback
[  0%] Built target _pkg_iot_ros_bridge_generate_messages_check_deps_msgIotRosResult
[  0%] Built target actionlib_msgs_generate_messages_cpp
[  0%] Built target _pkg_iot_ros_bridge_generate_messages_check_deps_msgIotRosAction
[  0%] Built target _pkg_iot_ros_bridge_generate_messages_check_deps_msgIotRosGoal
[  0%] Built target _pkg_iot_ros_bridge_generate_messages_check_deps_msgMqttSub
[  0%] Built target _pkg_iot_ros_bridge_generate_messages_check_deps_msgIotRosActionGoal
[  0%] Built target actionlib_msgs_generate_messages_py
[  0%] Built target std_msgs_generate_messages_py
[  0%] Built target actionlib_msgs_generate_messages_nodejs
[  0%] Built target std_msgs_generate_messages_nodejs
[  0%] Built target std_msgs_generate_messages_eus
[  0%] Built target actionlib_msgs_generate_messages_eus
[  0%] Built target std_msgs_generate_messages_lisp
[  0%] Built target actionlib_msgs_generate_messages_lisp
[ 19%] Built target pkg_iot_ros_bridge_generate_messages_cpp
[ 40%] Built target pkg_iot_ros_bridge_generate_messages_py
[ 59%] Built target pkg_iot_ros_bridge_generate_messages_nodejs
[ 80%] Built target pkg_iot_ros_bridge_generate_messages_eus
[100%] Built target pkg_iot_ros_bridge_generate_messages_lisp
[100%] Built target pkg_iot_ros_bridge_generate_messages
