Determining if the pthread_create exist failed with the following output:
Change Dir: /home/satyam/catkin_ws/build/pkg_task1/CMakeFiles/CMakeTmp

Run Build Command:"/usr/bin/make" "cmTC_fab2f/fast"
/usr/bin/make -f CMakeFiles/cmTC_fab2f.dir/build.make CMakeFiles/cmTC_fab2f.dir/build
make[1]: Entering directory '/home/satyam/catkin_ws/build/pkg_task1/CMakeFiles/CMakeTmp'
Building C object CMakeFiles/cmTC_fab2f.dir/CheckSymbolExists.c.o
/usr/bin/cc    -o CMakeFiles/cmTC_fab2f.dir/CheckSymbolExists.c.o   -c /home/satyam/catkin_ws/build/pkg_task1/CMakeFiles/CMakeTmp/CheckSymbolExists.c
Linking C executable cmTC_fab2f
/usr/bin/cmake -E cmake_link_script CMakeFiles/cmTC_fab2f.dir/link.txt --verbose=1
/usr/bin/cc      -rdynamic CMakeFiles/cmTC_fab2f.dir/CheckSymbolExists.c.o  -o cmTC_fab2f 
CMakeFiles/cmTC_fab2f.dir/CheckSymbolExists.c.o: In function `main':
CheckSymbolExists.c:(.text+0x1b): undefined reference to `pthread_create'
collect2: error: ld returned 1 exit status
CMakeFiles/cmTC_fab2f.dir/build.make:97: recipe for target 'cmTC_fab2f' failed
make[1]: *** [cmTC_fab2f] Error 1
make[1]: Leaving directory '/home/satyam/catkin_ws/build/pkg_task1/CMakeFiles/CMakeTmp'
Makefile:126: recipe for target 'cmTC_fab2f/fast' failed
make: *** [cmTC_fab2f/fast] Error 2

File /home/satyam/catkin_ws/build/pkg_task1/CMakeFiles/CMakeTmp/CheckSymbolExists.c:
/* */
#include <pthread.h>

int main(int argc, char** argv)
{
  (void)argv;
#ifndef pthread_create
  return ((int*)(&pthread_create))[argc];
#else
  (void)argc;
  return 0;
#endif
}

Determining if the function pthread_create exists in the pthreads failed with the following output:
Change Dir: /home/satyam/catkin_ws/build/pkg_task1/CMakeFiles/CMakeTmp

Run Build Command:"/usr/bin/make" "cmTC_80ed7/fast"
/usr/bin/make -f CMakeFiles/cmTC_80ed7.dir/build.make CMakeFiles/cmTC_80ed7.dir/build
make[1]: Entering directory '/home/satyam/catkin_ws/build/pkg_task1/CMakeFiles/CMakeTmp'
Building C object CMakeFiles/cmTC_80ed7.dir/CheckFunctionExists.c.o
/usr/bin/cc   -DCHECK_FUNCTION_EXISTS=pthread_create   -o CMakeFiles/cmTC_80ed7.dir/CheckFunctionExists.c.o   -c /usr/share/cmake-3.10/Modules/CheckFunctionExists.c
Linking C executable cmTC_80ed7
/usr/bin/cmake -E cmake_link_script CMakeFiles/cmTC_80ed7.dir/link.txt --verbose=1
/usr/bin/cc  -DCHECK_FUNCTION_EXISTS=pthread_create    -rdynamic CMakeFiles/cmTC_80ed7.dir/CheckFunctionExists.c.o  -o cmTC_80ed7 -lpthreads 
/usr/bin/ld: cannot find -lpthreads
collect2: error: ld returned 1 exit status
CMakeFiles/cmTC_80ed7.dir/build.make:97: recipe for target 'cmTC_80ed7' failed
make[1]: *** [cmTC_80ed7] Error 1
make[1]: Leaving directory '/home/satyam/catkin_ws/build/pkg_task1/CMakeFiles/CMakeTmp'
Makefile:126: recipe for target 'cmTC_80ed7/fast' failed
make: *** [cmTC_80ed7/fast] Error 2


