[35m[1mScanning dependencies of target std_msgs_generate_messages_eus[0m
[  0%] Built target std_msgs_generate_messages_eus
[35m[1mScanning dependencies of target _pkg_ros_basics_generate_messages_check_deps_myMessage[0m
[  0%] Built target _pkg_ros_basics_generate_messages_check_deps_myMessage
[35m[1mScanning dependencies of target geometry_msgs_generate_messages_eus[0m
[  0%] Built target geometry_msgs_generate_messages_eus
[35m[1mScanning dependencies of target std_msgs_generate_messages_py[0m
[  0%] Built target std_msgs_generate_messages_py
[35m[1mScanning dependencies of target geometry_msgs_generate_messages_py[0m
[  0%] Built target geometry_msgs_generate_messages_py
[35m[1mScanning dependencies of target std_msgs_generate_messages_nodejs[0m
[  0%] Built target std_msgs_generate_messages_nodejs
[35m[1mScanning dependencies of target geometry_msgs_generate_messages_nodejs[0m
[  0%] Built target geometry_msgs_generate_messages_nodejs
[35m[1mScanning dependencies of target std_msgs_generate_messages_lisp[0m
[  0%] Built target std_msgs_generate_messages_lisp
[35m[1mScanning dependencies of target geometry_msgs_generate_messages_lisp[0m
[  0%] Built target geometry_msgs_generate_messages_lisp
[35m[1mScanning dependencies of target std_msgs_generate_messages_cpp[0m
[  0%] Built target std_msgs_generate_messages_cpp
[35m[1mScanning dependencies of target geometry_msgs_generate_messages_cpp[0m
[  0%] Built target geometry_msgs_generate_messages_cpp
[35m[1mScanning dependencies of target pkg_ros_basics_generate_messages_eus[0m
[ 14%] [34m[1mGenerating EusLisp code from pkg_ros_basics/myMessage.msg[0m
[ 28%] [34m[1mGenerating EusLisp manifest code for pkg_ros_basics[0m
[ 28%] Built target pkg_ros_basics_generate_messages_eus
[35m[1mScanning dependencies of target pkg_ros_basics_generate_messages_py[0m
[ 42%] [34m[1mGenerating Python from MSG pkg_ros_basics/myMessage[0m
[ 57%] [34m[1mGenerating Python msg __init__.py for pkg_ros_basics[0m
[ 57%] Built target pkg_ros_basics_generate_messages_py
[35m[1mScanning dependencies of target pkg_ros_basics_generate_messages_nodejs[0m
[ 71%] [34m[1mGenerating Javascript code from pkg_ros_basics/myMessage.msg[0m
[ 71%] Built target pkg_ros_basics_generate_messages_nodejs
[35m[1mScanning dependencies of target pkg_ros_basics_generate_messages_lisp[0m
[ 85%] [34m[1mGenerating Lisp code from pkg_ros_basics/myMessage.msg[0m
[ 85%] Built target pkg_ros_basics_generate_messages_lisp
[35m[1mScanning dependencies of target pkg_ros_basics_generate_messages_cpp[0m
[100%] [34m[1mGenerating C++ code from pkg_ros_basics/myMessage.msg[0m
[100%] Built target pkg_ros_basics_generate_messages_cpp
[35m[1mScanning dependencies of target pkg_ros_basics_generate_messages[0m
[100%] Built target pkg_ros_basics_generate_messages
