[35m[1mScanning dependencies of target _hrwros_gazebo_generate_messages_check_deps_LogicalCameraImage[0m
[  0%] Built target _hrwros_gazebo_generate_messages_check_deps_LogicalCameraImage
[35m[1mScanning dependencies of target _hrwros_gazebo_generate_messages_check_deps_ConveyorBeltState[0m
[  0%] Built target _hrwros_gazebo_generate_messages_check_deps_ConveyorBeltState
[35m[1mScanning dependencies of target _hrwros_gazebo_generate_messages_check_deps_Model[0m
[  0%] Built target _hrwros_gazebo_generate_messages_check_deps_Model
[35m[1mScanning dependencies of target _hrwros_gazebo_generate_messages_check_deps_VacuumGripperState[0m
[  0%] Built target _hrwros_gazebo_generate_messages_check_deps_VacuumGripperState
[35m[1mScanning dependencies of target _hrwros_gazebo_generate_messages_check_deps_VacuumGripperControl[0m
[  0%] Built target _hrwros_gazebo_generate_messages_check_deps_VacuumGripperControl
[35m[1mScanning dependencies of target _hrwros_gazebo_generate_messages_check_deps_Proximity[0m
[  0%] Built target _hrwros_gazebo_generate_messages_check_deps_Proximity
[35m[1mScanning dependencies of target _hrwros_gazebo_generate_messages_check_deps_ConveyorBeltControl[0m
[  0%] Built target _hrwros_gazebo_generate_messages_check_deps_ConveyorBeltControl
[35m[1mScanning dependencies of target std_msgs_generate_messages_nodejs[0m
[  0%] Built target std_msgs_generate_messages_nodejs
[35m[1mScanning dependencies of target geometry_msgs_generate_messages_nodejs[0m
[  0%] Built target geometry_msgs_generate_messages_nodejs
[35m[1mScanning dependencies of target std_msgs_generate_messages_py[0m
[  0%] Built target std_msgs_generate_messages_py
[35m[1mScanning dependencies of target geometry_msgs_generate_messages_py[0m
[  0%] Built target geometry_msgs_generate_messages_py
[35m[1mScanning dependencies of target geometry_msgs_generate_messages_lisp[0m
[  0%] Built target geometry_msgs_generate_messages_lisp
[35m[1mScanning dependencies of target std_msgs_generate_messages_lisp[0m
[  0%] Built target std_msgs_generate_messages_lisp
[35m[1mScanning dependencies of target geometry_msgs_generate_messages_eus[0m
[  0%] Built target geometry_msgs_generate_messages_eus
[35m[1mScanning dependencies of target std_msgs_generate_messages_eus[0m
[  0%] Built target std_msgs_generate_messages_eus
[35m[1mScanning dependencies of target geometry_msgs_generate_messages_cpp[0m
[  0%] Built target geometry_msgs_generate_messages_cpp
[35m[1mScanning dependencies of target std_msgs_generate_messages_cpp[0m
[  0%] Built target std_msgs_generate_messages_cpp
[35m[1mScanning dependencies of target SideContactPlugin[0m
[  1%] [32mBuilding CXX object CMakeFiles/SideContactPlugin.dir/src/plugins/SideContactPlugin.cc.o[0m
[35m[1mScanning dependencies of target ProximityRayPlugin[0m
[  3%] [32mBuilding CXX object CMakeFiles/ProximityRayPlugin.dir/src/plugins/ProximityRayPlugin.cc.o[0m
[  5%] [32m[1mLinking CXX shared library /home/satyam/catkin_ws/devel/.private/hrwros_gazebo/lib/libSideContactPlugin.so[0m
[  5%] Built target SideContactPlugin
[35m[1mScanning dependencies of target urdf_creator[0m
[  6%] [32mBuilding CXX object CMakeFiles/urdf_creator.dir/src/urdf_creator.cpp.o[0m
[  8%] [32m[1mLinking CXX shared library /home/satyam/catkin_ws/devel/.private/hrwros_gazebo/lib/liburdf_creator.so[0m
[  8%] Built target urdf_creator
[35m[1mScanning dependencies of target VacuumGripperPlugin[0m
[ 10%] [32mBuilding CXX object CMakeFiles/VacuumGripperPlugin.dir/src/plugins/VacuumGripperPlugin.cc.o[0m
[ 11%] [32m[1mLinking CXX shared library /home/satyam/catkin_ws/devel/.private/hrwros_gazebo/lib/libProximityRayPlugin.so[0m
[ 11%] Built target ProximityRayPlugin
[35m[1mScanning dependencies of target conveyor_spawner[0m
[35m[1mScanning dependencies of target hrwros_gazebo_xacro_generated_to_devel_space_[0m
[ 11%] Built target hrwros_gazebo_xacro_generated_to_devel_space_
[35m[1mScanning dependencies of target hrwros_gazebo_generate_messages_nodejs[0m
[ 13%] [32mBuilding CXX object CMakeFiles/conveyor_spawner.dir/src/conveyor_spawner.cpp.o[0m
[ 15%] [34m[1mGenerating Javascript code from hrwros_gazebo/LogicalCameraImage.msg[0m
[ 16%] [34m[1mGenerating Javascript code from hrwros_gazebo/VacuumGripperState.msg[0m
[ 18%] [34m[1mGenerating Javascript code from hrwros_gazebo/Proximity.msg[0m
[ 20%] [34m[1mGenerating Javascript code from hrwros_gazebo/Model.msg[0m
[ 21%] [34m[1mGenerating Javascript code from hrwros_gazebo/ConveyorBeltState.msg[0m
[ 23%] [34m[1mGenerating Javascript code from hrwros_gazebo/VacuumGripperControl.srv[0m
[ 25%] [34m[1mGenerating Javascript code from hrwros_gazebo/ConveyorBeltControl.srv[0m
[ 25%] Built target hrwros_gazebo_generate_messages_nodejs
[35m[1mScanning dependencies of target hrwros_gazebo_generate_messages_py[0m
[ 26%] [34m[1mGenerating Python from MSG hrwros_gazebo/LogicalCameraImage[0m
[ 28%] [34m[1mGenerating Python from MSG hrwros_gazebo/VacuumGripperState[0m
[ 30%] [34m[1mGenerating Python from MSG hrwros_gazebo/Proximity[0m
[ 31%] [34m[1mGenerating Python from MSG hrwros_gazebo/Model[0m
[ 33%] [34m[1mGenerating Python from MSG hrwros_gazebo/ConveyorBeltState[0m
[ 35%] [34m[1mGenerating Python code from SRV hrwros_gazebo/VacuumGripperControl[0m
[ 36%] [34m[1mGenerating Python code from SRV hrwros_gazebo/ConveyorBeltControl[0m
[ 38%] [34m[1mGenerating Python msg __init__.py for hrwros_gazebo[0m
[ 40%] [34m[1mGenerating Python srv __init__.py for hrwros_gazebo[0m
[ 40%] Built target hrwros_gazebo_generate_messages_py
[35m[1mScanning dependencies of target hrwros_gazebo_generate_messages_lisp[0m
[ 41%] [34m[1mGenerating Lisp code from hrwros_gazebo/LogicalCameraImage.msg[0m
[ 43%] [34m[1mGenerating Lisp code from hrwros_gazebo/VacuumGripperState.msg[0m
[ 45%] [34m[1mGenerating Lisp code from hrwros_gazebo/Proximity.msg[0m
[ 46%] [34m[1mGenerating Lisp code from hrwros_gazebo/Model.msg[0m
[ 48%] [34m[1mGenerating Lisp code from hrwros_gazebo/ConveyorBeltState.msg[0m
[ 50%] [34m[1mGenerating Lisp code from hrwros_gazebo/VacuumGripperControl.srv[0m
[ 51%] [34m[1mGenerating Lisp code from hrwros_gazebo/ConveyorBeltControl.srv[0m
[ 51%] Built target hrwros_gazebo_generate_messages_lisp
[35m[1mScanning dependencies of target hrwros_gazebo_generate_messages_eus[0m
[ 53%] [34m[1mGenerating EusLisp code from hrwros_gazebo/LogicalCameraImage.msg[0m
[ 55%] [34m[1mGenerating EusLisp code from hrwros_gazebo/VacuumGripperState.msg[0m
[ 56%] [34m[1mGenerating EusLisp code from hrwros_gazebo/Proximity.msg[0m
[ 58%] [34m[1mGenerating EusLisp code from hrwros_gazebo/Model.msg[0m
[ 60%] [34m[1mGenerating EusLisp code from hrwros_gazebo/ConveyorBeltState.msg[0m
[ 61%] [34m[1mGenerating EusLisp code from hrwros_gazebo/VacuumGripperControl.srv[0m
[35m[1mScanning dependencies of target hrwros_gazebo_generate_messages_cpp[0m
[ 63%] [34m[1mGenerating EusLisp code from hrwros_gazebo/ConveyorBeltControl.srv[0m
[ 65%] [34m[1mGenerating C++ code from hrwros_gazebo/LogicalCameraImage.msg[0m
[ 66%] [34m[1mGenerating EusLisp manifest code for hrwros_gazebo[0m
[ 68%] [34m[1mGenerating C++ code from hrwros_gazebo/VacuumGripperState.msg[0m
[ 70%] [34m[1mGenerating C++ code from hrwros_gazebo/Proximity.msg[0m
[ 71%] [34m[1mGenerating C++ code from hrwros_gazebo/Model.msg[0m
[ 73%] [34m[1mGenerating C++ code from hrwros_gazebo/ConveyorBeltState.msg[0m
[ 75%] [32m[1mLinking CXX shared library /home/satyam/catkin_ws/devel/.private/hrwros_gazebo/lib/libconveyor_spawner.so[0m
[ 76%] [34m[1mGenerating C++ code from hrwros_gazebo/VacuumGripperControl.srv[0m
[ 76%] Built target conveyor_spawner
[ 78%] [34m[1mGenerating C++ code from hrwros_gazebo/ConveyorBeltControl.srv[0m
[35m[1mScanning dependencies of target ObjectDisposalPlugin[0m
[ 80%] [32mBuilding CXX object CMakeFiles/ObjectDisposalPlugin.dir/src/plugins/ObjectDisposalPlugin.cc.o[0m
[ 80%] Built target hrwros_gazebo_generate_messages_eus
[35m[1mScanning dependencies of target urdf_creator_test_node[0m
[ 81%] [32m[1mLinking CXX shared library /home/satyam/catkin_ws/devel/.private/hrwros_gazebo/lib/libVacuumGripperPlugin.so[0m
[ 83%] [32mBuilding CXX object CMakeFiles/urdf_creator_test_node.dir/src/urdf_creator_test.cpp.o[0m
[ 83%] Built target hrwros_gazebo_generate_messages_cpp
[35m[1mScanning dependencies of target conveyor_spawner_node[0m
[ 85%] [32mBuilding CXX object CMakeFiles/conveyor_spawner_node.dir/src/conveyor_spawner_node.cpp.o[0m
[ 85%] Built target VacuumGripperPlugin
[35m[1mScanning dependencies of target hrwros_gazebo_generate_messages[0m
[ 85%] Built target hrwros_gazebo_generate_messages
[35m[1mScanning dependencies of target ROSProximityRayPlugin[0m
[ 86%] [32mBuilding CXX object CMakeFiles/ROSProximityRayPlugin.dir/src/plugins/ROSProximityRayPlugin.cc.o[0m
[ 88%] [32m[1mLinking CXX executable /home/satyam/catkin_ws/devel/.private/hrwros_gazebo/lib/hrwros_gazebo/urdf_creator_test_node[0m
[ 90%] [32m[1mLinking CXX executable /home/satyam/catkin_ws/devel/.private/hrwros_gazebo/lib/hrwros_gazebo/conveyor_spawner_node[0m
[ 90%] Built target conveyor_spawner_node
[ 90%] Built target urdf_creator_test_node
[35m[1mScanning dependencies of target ROSLogicalCameraPlugin[0m
[35m[1mScanning dependencies of target ROSVacuumGripperPlugin[0m
[ 91%] [32mBuilding CXX object CMakeFiles/ROSVacuumGripperPlugin.dir/src/plugins/ROSVacuumGripperPlugin.cc.o[0m
[ 93%] [32mBuilding CXX object CMakeFiles/ROSLogicalCameraPlugin.dir/src/plugins/ROSLogicalCameraPlugin.cc.o[0m
[ 95%] [32m[1mLinking CXX shared library /home/satyam/catkin_ws/devel/.private/hrwros_gazebo/lib/libROSVacuumGripperPlugin.so[0m
[ 96%] [32m[1mLinking CXX shared library /home/satyam/catkin_ws/devel/.private/hrwros_gazebo/lib/libObjectDisposalPlugin.so[0m
[ 96%] Built target ROSVacuumGripperPlugin
[ 96%] Built target ObjectDisposalPlugin
[ 98%] [32m[1mLinking CXX shared library /home/satyam/catkin_ws/devel/.private/hrwros_gazebo/lib/libROSProximityRayPlugin.so[0m
[ 98%] Built target ROSProximityRayPlugin
[100%] [32m[1mLinking CXX shared library /home/satyam/catkin_ws/devel/.private/hrwros_gazebo/lib/libROSLogicalCameraPlugin.so[0m
[100%] Built target ROSLogicalCameraPlugin
