[35m[1mScanning dependencies of target _gazebo_conveyor_generate_messages_check_deps_ConveyorBeltControl[0m
[35m[1mScanning dependencies of target geometry_msgs_generate_messages_cpp[0m
[  0%] Built target geometry_msgs_generate_messages_cpp
[35m[1mScanning dependencies of target _gazebo_conveyor_generate_messages_check_deps_ConveyorBeltState[0m
[  0%] Built target _gazebo_conveyor_generate_messages_check_deps_ConveyorBeltControl
[35m[1mScanning dependencies of target std_msgs_generate_messages_cpp[0m
[  0%] Built target _gazebo_conveyor_generate_messages_check_deps_ConveyorBeltState
[  0%] Built target std_msgs_generate_messages_cpp
[35m[1mScanning dependencies of target ConveyorBeltPlugin[0m
[35m[1mScanning dependencies of target std_msgs_generate_messages_py[0m
[  0%] Built target std_msgs_generate_messages_py
[35m[1mScanning dependencies of target geometry_msgs_generate_messages_py[0m
[  0%] Built target geometry_msgs_generate_messages_py
[35m[1mScanning dependencies of target std_msgs_generate_messages_nodejs[0m
[  0%] Built target std_msgs_generate_messages_nodejs
[35m[1mScanning dependencies of target geometry_msgs_generate_messages_nodejs[0m
[  0%] Built target geometry_msgs_generate_messages_nodejs
[35m[1mScanning dependencies of target std_msgs_generate_messages_lisp[0m
[  0%] Built target std_msgs_generate_messages_lisp
[35m[1mScanning dependencies of target geometry_msgs_generate_messages_lisp[0m
[  0%] Built target geometry_msgs_generate_messages_lisp
[35m[1mScanning dependencies of target std_msgs_generate_messages_eus[0m
[  0%] Built target std_msgs_generate_messages_eus
[35m[1mScanning dependencies of target geometry_msgs_generate_messages_eus[0m
[  0%] Built target geometry_msgs_generate_messages_eus
[  5%] [32mBuilding CXX object CMakeFiles/ConveyorBeltPlugin.dir/src/ConveyorBeltPlugin.cc.o[0m
[35m[1mScanning dependencies of target gazebo_conveyor_generate_messages_cpp[0m
[ 11%] [34m[1mGenerating C++ code from gazebo_conveyor/ConveyorBeltState.msg[0m
[ 17%] [34m[1mGenerating C++ code from gazebo_conveyor/ConveyorBeltControl.srv[0m
[ 17%] Built target gazebo_conveyor_generate_messages_cpp
[35m[1mScanning dependencies of target gazebo_conveyor_generate_messages_py[0m
[ 23%] [34m[1mGenerating Python from MSG gazebo_conveyor/ConveyorBeltState[0m
[ 29%] [34m[1mGenerating Python code from SRV gazebo_conveyor/ConveyorBeltControl[0m
[ 35%] [34m[1mGenerating Python msg __init__.py for gazebo_conveyor[0m
[ 41%] [34m[1mGenerating Python srv __init__.py for gazebo_conveyor[0m
[ 41%] Built target gazebo_conveyor_generate_messages_py
[35m[1mScanning dependencies of target gazebo_conveyor_generate_messages_nodejs[0m
[ 47%] [34m[1mGenerating Javascript code from gazebo_conveyor/ConveyorBeltState.msg[0m
[ 52%] [34m[1mGenerating Javascript code from gazebo_conveyor/ConveyorBeltControl.srv[0m
[ 52%] Built target gazebo_conveyor_generate_messages_nodejs
[35m[1mScanning dependencies of target gazebo_conveyor_generate_messages_lisp[0m
[ 58%] [34m[1mGenerating Lisp code from gazebo_conveyor/ConveyorBeltState.msg[0m
[ 64%] [34m[1mGenerating Lisp code from gazebo_conveyor/ConveyorBeltControl.srv[0m
[ 64%] Built target gazebo_conveyor_generate_messages_lisp
[35m[1mScanning dependencies of target gazebo_conveyor_generate_messages_eus[0m
[ 70%] [34m[1mGenerating EusLisp code from gazebo_conveyor/ConveyorBeltState.msg[0m
[ 76%] [34m[1mGenerating EusLisp code from gazebo_conveyor/ConveyorBeltControl.srv[0m
[ 82%] [34m[1mGenerating EusLisp manifest code for gazebo_conveyor[0m
[ 88%] [32m[1mLinking CXX shared library /home/satyam/catkin_ws/devel/.private/gazebo_conveyor/lib/libConveyorBeltPlugin.so[0m
[ 88%] Built target gazebo_conveyor_generate_messages_eus
[35m[1mScanning dependencies of target gazebo_conveyor_generate_messages[0m
[ 88%] Built target gazebo_conveyor_generate_messages
[ 88%] Built target ConveyorBeltPlugin
[35m[1mScanning dependencies of target ROSConveyorBeltPlugin[0m
[ 94%] [32mBuilding CXX object CMakeFiles/ROSConveyorBeltPlugin.dir/src/ROSConveyorBeltPlugin.cc.o[0m
[100%] [32m[1mLinking CXX shared library /home/satyam/catkin_ws/devel/.private/gazebo_conveyor/lib/libROSConveyorBeltPlugin.so[0m
[100%] Built target ROSConveyorBeltPlugin
