Determining if the pthread_create exist failed with the following output:
Change Dir: /home/satyam/catkin_ws/build/ur_driver/CMakeFiles/CMakeTmp

Run Build Command:"/usr/bin/make" "cmTC_20170/fast"
/usr/bin/make -f CMakeFiles/cmTC_20170.dir/build.make CMakeFiles/cmTC_20170.dir/build
make[1]: Entering directory '/home/satyam/catkin_ws/build/ur_driver/CMakeFiles/CMakeTmp'
Building C object CMakeFiles/cmTC_20170.dir/CheckSymbolExists.c.o
/usr/bin/cc    -o CMakeFiles/cmTC_20170.dir/CheckSymbolExists.c.o   -c /home/satyam/catkin_ws/build/ur_driver/CMakeFiles/CMakeTmp/CheckSymbolExists.c
Linking C executable cmTC_20170
/usr/bin/cmake -E cmake_link_script CMakeFiles/cmTC_20170.dir/link.txt --verbose=1
/usr/bin/cc      -rdynamic CMakeFiles/cmTC_20170.dir/CheckSymbolExists.c.o  -o cmTC_20170 
CMakeFiles/cmTC_20170.dir/CheckSymbolExists.c.o: In function `main':
CheckSymbolExists.c:(.text+0x1b): undefined reference to `pthread_create'
collect2: error: ld returned 1 exit status
CMakeFiles/cmTC_20170.dir/build.make:97: recipe for target 'cmTC_20170' failed
make[1]: *** [cmTC_20170] Error 1
make[1]: Leaving directory '/home/satyam/catkin_ws/build/ur_driver/CMakeFiles/CMakeTmp'
Makefile:126: recipe for target 'cmTC_20170/fast' failed
make: *** [cmTC_20170/fast] Error 2

File /home/satyam/catkin_ws/build/ur_driver/CMakeFiles/CMakeTmp/CheckSymbolExists.c:
/* */
#include <pthread.h>

int main(int argc, char** argv)
{
  (void)argv;
#ifndef pthread_create
  return ((int*)(&pthread_create))[argc];
#else
  (void)argc;
  return 0;
#endif
}

Determining if the function pthread_create exists in the pthreads failed with the following output:
Change Dir: /home/satyam/catkin_ws/build/ur_driver/CMakeFiles/CMakeTmp

Run Build Command:"/usr/bin/make" "cmTC_54596/fast"
/usr/bin/make -f CMakeFiles/cmTC_54596.dir/build.make CMakeFiles/cmTC_54596.dir/build
make[1]: Entering directory '/home/satyam/catkin_ws/build/ur_driver/CMakeFiles/CMakeTmp'
Building C object CMakeFiles/cmTC_54596.dir/CheckFunctionExists.c.o
/usr/bin/cc   -DCHECK_FUNCTION_EXISTS=pthread_create   -o CMakeFiles/cmTC_54596.dir/CheckFunctionExists.c.o   -c /usr/share/cmake-3.10/Modules/CheckFunctionExists.c
Linking C executable cmTC_54596
/usr/bin/cmake -E cmake_link_script CMakeFiles/cmTC_54596.dir/link.txt --verbose=1
/usr/bin/cc  -DCHECK_FUNCTION_EXISTS=pthread_create    -rdynamic CMakeFiles/cmTC_54596.dir/CheckFunctionExists.c.o  -o cmTC_54596 -lpthreads 
/usr/bin/ld: cannot find -lpthreads
collect2: error: ld returned 1 exit status
CMakeFiles/cmTC_54596.dir/build.make:97: recipe for target 'cmTC_54596' failed
make[1]: *** [cmTC_54596] Error 1
make[1]: Leaving directory '/home/satyam/catkin_ws/build/ur_driver/CMakeFiles/CMakeTmp'
Makefile:126: recipe for target 'cmTC_54596/fast' failed
make: *** [cmTC_54596/fast] Error 2


