Determining if the pthread_create exist failed with the following output:
Change Dir: /home/satyam/catkin_ws/build/gazebo_ros_link_attacher/CMakeFiles/CMakeTmp

Run Build Command:"/usr/bin/make" "cmTC_ca56a/fast"
/usr/bin/make -f CMakeFiles/cmTC_ca56a.dir/build.make CMakeFiles/cmTC_ca56a.dir/build
make[1]: Entering directory '/home/satyam/catkin_ws/build/gazebo_ros_link_attacher/CMakeFiles/CMakeTmp'
Building C object CMakeFiles/cmTC_ca56a.dir/CheckSymbolExists.c.o
/usr/bin/cc    -o CMakeFiles/cmTC_ca56a.dir/CheckSymbolExists.c.o   -c /home/satyam/catkin_ws/build/gazebo_ros_link_attacher/CMakeFiles/CMakeTmp/CheckSymbolExists.c
Linking C executable cmTC_ca56a
/usr/bin/cmake -E cmake_link_script CMakeFiles/cmTC_ca56a.dir/link.txt --verbose=1
/usr/bin/cc      -rdynamic CMakeFiles/cmTC_ca56a.dir/CheckSymbolExists.c.o  -o cmTC_ca56a 
CMakeFiles/cmTC_ca56a.dir/CheckSymbolExists.c.o: In function `main':
CheckSymbolExists.c:(.text+0x1b): undefined reference to `pthread_create'
collect2: error: ld returned 1 exit status
CMakeFiles/cmTC_ca56a.dir/build.make:97: recipe for target 'cmTC_ca56a' failed
make[1]: *** [cmTC_ca56a] Error 1
make[1]: Leaving directory '/home/satyam/catkin_ws/build/gazebo_ros_link_attacher/CMakeFiles/CMakeTmp'
Makefile:126: recipe for target 'cmTC_ca56a/fast' failed
make: *** [cmTC_ca56a/fast] Error 2

File /home/satyam/catkin_ws/build/gazebo_ros_link_attacher/CMakeFiles/CMakeTmp/CheckSymbolExists.c:
/* */
#include <pthread.h>

int main(int argc, char** argv)
{
  (void)argv;
#ifndef pthread_create
  return ((int*)(&pthread_create))[argc];
#else
  (void)argc;
  return 0;
#endif
}

Determining if the function pthread_create exists in the pthreads failed with the following output:
Change Dir: /home/satyam/catkin_ws/build/gazebo_ros_link_attacher/CMakeFiles/CMakeTmp

Run Build Command:"/usr/bin/make" "cmTC_a7aec/fast"
/usr/bin/make -f CMakeFiles/cmTC_a7aec.dir/build.make CMakeFiles/cmTC_a7aec.dir/build
make[1]: Entering directory '/home/satyam/catkin_ws/build/gazebo_ros_link_attacher/CMakeFiles/CMakeTmp'
Building C object CMakeFiles/cmTC_a7aec.dir/CheckFunctionExists.c.o
/usr/bin/cc   -DCHECK_FUNCTION_EXISTS=pthread_create   -o CMakeFiles/cmTC_a7aec.dir/CheckFunctionExists.c.o   -c /usr/share/cmake-3.10/Modules/CheckFunctionExists.c
Linking C executable cmTC_a7aec
/usr/bin/cmake -E cmake_link_script CMakeFiles/cmTC_a7aec.dir/link.txt --verbose=1
/usr/bin/cc  -DCHECK_FUNCTION_EXISTS=pthread_create    -rdynamic CMakeFiles/cmTC_a7aec.dir/CheckFunctionExists.c.o  -o cmTC_a7aec -lpthreads 
/usr/bin/ld: cannot find -lpthreads
collect2: error: ld returned 1 exit status
CMakeFiles/cmTC_a7aec.dir/build.make:97: recipe for target 'cmTC_a7aec' failed
make[1]: *** [cmTC_a7aec] Error 1
make[1]: Leaving directory '/home/satyam/catkin_ws/build/gazebo_ros_link_attacher/CMakeFiles/CMakeTmp'
Makefile:126: recipe for target 'cmTC_a7aec/fast' failed
make: *** [cmTC_a7aec/fast] Error 2


