[  0%] Built target _pkg_ros_iot_bridge_generate_messages_check_deps_msgMqttSub
[  0%] Built target std_msgs_generate_messages_eus
[  0%] Built target _pkg_ros_iot_bridge_generate_messages_check_deps_msgRosIotActionResult
[  0%] Built target actionlib_msgs_generate_messages_eus
[  0%] Built target _pkg_ros_iot_bridge_generate_messages_check_deps_msgRosIotActionFeedback
[  0%] Built target _pkg_ros_iot_bridge_generate_messages_check_deps_msgRosIotFeedback
[  0%] Built target _pkg_ros_iot_bridge_generate_messages_check_deps_msgRosIotGoal
[  0%] Built target _pkg_ros_iot_bridge_generate_messages_check_deps_msgRosIotActionGoal
[  0%] Built target _pkg_ros_iot_bridge_generate_messages_check_deps_msgRosIotResult
[  0%] Built target std_msgs_generate_messages_py
[  0%] Built target actionlib_msgs_generate_messages_py
[  0%] Built target _pkg_ros_iot_bridge_generate_messages_check_deps_msgRosIotAction
[  0%] Built target std_msgs_generate_messages_nodejs
[  0%] Built target actionlib_msgs_generate_messages_cpp
[  0%] Built target actionlib_msgs_generate_messages_nodejs
[  0%] Built target std_msgs_generate_messages_cpp
[  0%] Built target actionlib_msgs_generate_messages_lisp
[  0%] Built target std_msgs_generate_messages_lisp
[ 21%] Built target pkg_ros_iot_bridge_generate_messages_eus
[ 40%] Built target pkg_ros_iot_bridge_generate_messages_nodejs
[ 61%] Built target pkg_ros_iot_bridge_generate_messages_py
[ 80%] Built target pkg_ros_iot_bridge_generate_messages_cpp
[100%] Built target pkg_ros_iot_bridge_generate_messages_lisp
[100%] Built target pkg_ros_iot_bridge_generate_messages
