[35m[1mScanning dependencies of target _pkg_ros_iot_bridge_generate_messages_check_deps_msgMqttSub[0m
[  0%] Built target _pkg_ros_iot_bridge_generate_messages_check_deps_msgMqttSub
[35m[1mScanning dependencies of target _pkg_ros_iot_bridge_generate_messages_check_deps_msgRosIotActionResult[0m
[  0%] Built target _pkg_ros_iot_bridge_generate_messages_check_deps_msgRosIotActionResult
[35m[1mScanning dependencies of target std_msgs_generate_messages_eus[0m
[  0%] Built target std_msgs_generate_messages_eus
[35m[1mScanning dependencies of target actionlib_msgs_generate_messages_eus[0m
[  0%] Built target actionlib_msgs_generate_messages_eus
[35m[1mScanning dependencies of target _pkg_ros_iot_bridge_generate_messages_check_deps_msgRosIotActionFeedback[0m
[  0%] Built target _pkg_ros_iot_bridge_generate_messages_check_deps_msgRosIotActionFeedback
[35m[1mScanning dependencies of target _pkg_ros_iot_bridge_generate_messages_check_deps_msgRosIotFeedback[0m
[  0%] Built target _pkg_ros_iot_bridge_generate_messages_check_deps_msgRosIotFeedback
[35m[1mScanning dependencies of target _pkg_ros_iot_bridge_generate_messages_check_deps_msgRosIotGoal[0m
[  0%] Built target _pkg_ros_iot_bridge_generate_messages_check_deps_msgRosIotGoal
[35m[1mScanning dependencies of target _pkg_ros_iot_bridge_generate_messages_check_deps_msgRosIotActionGoal[0m
[  0%] Built target _pkg_ros_iot_bridge_generate_messages_check_deps_msgRosIotActionGoal
[35m[1mScanning dependencies of target _pkg_ros_iot_bridge_generate_messages_check_deps_msgRosIotResult[0m
[  0%] Built target _pkg_ros_iot_bridge_generate_messages_check_deps_msgRosIotResult
[35m[1mScanning dependencies of target _pkg_ros_iot_bridge_generate_messages_check_deps_msgRosIotAction[0m
[  0%] Built target _pkg_ros_iot_bridge_generate_messages_check_deps_msgRosIotAction
[35m[1mScanning dependencies of target std_msgs_generate_messages_py[0m
[  0%] Built target std_msgs_generate_messages_py
[35m[1mScanning dependencies of target actionlib_msgs_generate_messages_py[0m
[  0%] Built target actionlib_msgs_generate_messages_py
[35m[1mScanning dependencies of target std_msgs_generate_messages_nodejs[0m
[  0%] Built target std_msgs_generate_messages_nodejs
[35m[1mScanning dependencies of target actionlib_msgs_generate_messages_nodejs[0m
[  0%] Built target actionlib_msgs_generate_messages_nodejs
[35m[1mScanning dependencies of target std_msgs_generate_messages_cpp[0m
[  0%] Built target std_msgs_generate_messages_cpp
[35m[1mScanning dependencies of target actionlib_msgs_generate_messages_cpp[0m
[  0%] Built target actionlib_msgs_generate_messages_cpp
[35m[1mScanning dependencies of target std_msgs_generate_messages_lisp[0m
[  0%] Built target std_msgs_generate_messages_lisp
[35m[1mScanning dependencies of target actionlib_msgs_generate_messages_lisp[0m
[  0%] Built target actionlib_msgs_generate_messages_lisp
[35m[1mScanning dependencies of target pkg_ros_iot_bridge_generate_messages_eus[0m
[  2%] [34m[1mGenerating EusLisp code from pkg_ros_iot_bridge/msgRosIotGoal.msg[0m
[  4%] [34m[1mGenerating EusLisp code from pkg_ros_iot_bridge/msgRosIotActionGoal.msg[0m
[  7%] [34m[1mGenerating EusLisp code from pkg_ros_iot_bridge/msgRosIotActionResult.msg[0m
[  9%] [34m[1mGenerating EusLisp code from pkg_ros_iot_bridge/msgRosIotResult.msg[0m
[ 11%] [34m[1mGenerating EusLisp code from pkg_ros_iot_bridge/msgRosIotAction.msg[0m
[ 14%] [34m[1mGenerating EusLisp code from pkg_ros_iot_bridge/msgRosIotActionFeedback.msg[0m
[ 16%] [34m[1mGenerating EusLisp code from pkg_ros_iot_bridge/msgRosIotFeedback.msg[0m
[ 19%] [34m[1mGenerating EusLisp code from pkg_ros_iot_bridge/msgMqttSub.msg[0m
[ 21%] [34m[1mGenerating EusLisp manifest code for pkg_ros_iot_bridge[0m
[35m[1mScanning dependencies of target pkg_ros_iot_bridge_generate_messages_py[0m
[ 23%] [34m[1mGenerating Python from MSG pkg_ros_iot_bridge/msgRosIotGoal[0m
[ 23%] Built target pkg_ros_iot_bridge_generate_messages_eus
[35m[1mScanning dependencies of target pkg_ros_iot_bridge_generate_messages_nodejs[0m
[ 26%] [34m[1mGenerating Javascript code from pkg_ros_iot_bridge/msgRosIotGoal.msg[0m
[ 28%] [34m[1mGenerating Python from MSG pkg_ros_iot_bridge/msgRosIotActionGoal[0m
[ 30%] [34m[1mGenerating Javascript code from pkg_ros_iot_bridge/msgRosIotActionGoal.msg[0m
[ 33%] [34m[1mGenerating Javascript code from pkg_ros_iot_bridge/msgRosIotActionResult.msg[0m
[ 35%] [34m[1mGenerating Python from MSG pkg_ros_iot_bridge/msgRosIotActionResult[0m
[ 38%] [34m[1mGenerating Javascript code from pkg_ros_iot_bridge/msgRosIotResult.msg[0m
[ 40%] [34m[1mGenerating Javascript code from pkg_ros_iot_bridge/msgRosIotAction.msg[0m
[ 42%] [34m[1mGenerating Python from MSG pkg_ros_iot_bridge/msgRosIotResult[0m
[ 45%] [34m[1mGenerating Javascript code from pkg_ros_iot_bridge/msgRosIotActionFeedback.msg[0m
[ 47%] [34m[1mGenerating Javascript code from pkg_ros_iot_bridge/msgRosIotFeedback.msg[0m
[ 50%] [34m[1mGenerating Python from MSG pkg_ros_iot_bridge/msgRosIotAction[0m
[ 52%] [34m[1mGenerating Javascript code from pkg_ros_iot_bridge/msgMqttSub.msg[0m
[ 52%] Built target pkg_ros_iot_bridge_generate_messages_nodejs
[35m[1mScanning dependencies of target pkg_ros_iot_bridge_generate_messages_cpp[0m
[ 54%] [34m[1mGenerating C++ code from pkg_ros_iot_bridge/msgRosIotGoal.msg[0m
[ 57%] [34m[1mGenerating Python from MSG pkg_ros_iot_bridge/msgRosIotActionFeedback[0m
[ 59%] [34m[1mGenerating Python from MSG pkg_ros_iot_bridge/msgRosIotFeedback[0m
[ 61%] [34m[1mGenerating C++ code from pkg_ros_iot_bridge/msgRosIotActionGoal.msg[0m
[ 64%] [34m[1mGenerating Python from MSG pkg_ros_iot_bridge/msgMqttSub[0m
[ 66%] [34m[1mGenerating Python msg __init__.py for pkg_ros_iot_bridge[0m
[ 69%] [34m[1mGenerating C++ code from pkg_ros_iot_bridge/msgRosIotActionResult.msg[0m
[ 69%] Built target pkg_ros_iot_bridge_generate_messages_py
[35m[1mScanning dependencies of target pkg_ros_iot_bridge_generate_messages_lisp[0m
[ 71%] [34m[1mGenerating Lisp code from pkg_ros_iot_bridge/msgRosIotGoal.msg[0m
[ 73%] [34m[1mGenerating Lisp code from pkg_ros_iot_bridge/msgRosIotActionGoal.msg[0m
[ 76%] [34m[1mGenerating C++ code from pkg_ros_iot_bridge/msgRosIotResult.msg[0m
[ 78%] [34m[1mGenerating Lisp code from pkg_ros_iot_bridge/msgRosIotActionResult.msg[0m
[ 80%] [34m[1mGenerating Lisp code from pkg_ros_iot_bridge/msgRosIotResult.msg[0m
[ 83%] [34m[1mGenerating Lisp code from pkg_ros_iot_bridge/msgRosIotAction.msg[0m
[ 85%] [34m[1mGenerating C++ code from pkg_ros_iot_bridge/msgRosIotAction.msg[0m
[ 88%] [34m[1mGenerating Lisp code from pkg_ros_iot_bridge/msgRosIotActionFeedback.msg[0m
[ 90%] [34m[1mGenerating Lisp code from pkg_ros_iot_bridge/msgRosIotFeedback.msg[0m
[ 92%] [34m[1mGenerating Lisp code from pkg_ros_iot_bridge/msgMqttSub.msg[0m
[ 92%] Built target pkg_ros_iot_bridge_generate_messages_lisp
[ 95%] [34m[1mGenerating C++ code from pkg_ros_iot_bridge/msgRosIotActionFeedback.msg[0m
[ 97%] [34m[1mGenerating C++ code from pkg_ros_iot_bridge/msgRosIotFeedback.msg[0m
[100%] [34m[1mGenerating C++ code from pkg_ros_iot_bridge/msgMqttSub.msg[0m
[100%] Built target pkg_ros_iot_bridge_generate_messages_cpp
[35m[1mScanning dependencies of target pkg_ros_iot_bridge_generate_messages[0m
[100%] Built target pkg_ros_iot_bridge_generate_messages
