Symlinking /home/satyam/catkin_ws/devel/lib/pkgconfig/pkg_ros_iot_bridge.pc
Symlinking /home/satyam/catkin_ws/devel/lib/python2.7/dist-packages/pkg_ros_iot_bridge/__init__.py
Symlinking /home/satyam/catkin_ws/devel/lib/python2.7/dist-packages/pkg_ros_iot_bridge/msg/_msgRosIotGoal.py
Symlinking /home/satyam/catkin_ws/devel/lib/python2.7/dist-packages/pkg_ros_iot_bridge/msg/_msgMqttSub.py
Symlinking /home/satyam/catkin_ws/devel/lib/python2.7/dist-packages/pkg_ros_iot_bridge/msg/_msgRosIotAction.py
Symlinking /home/satyam/catkin_ws/devel/lib/python2.7/dist-packages/pkg_ros_iot_bridge/msg/_msgRosIotResult.py
Symlinking /home/satyam/catkin_ws/devel/lib/python2.7/dist-packages/pkg_ros_iot_bridge/msg/_msgRosIotActionGoal.py
Symlinking /home/satyam/catkin_ws/devel/lib/python2.7/dist-packages/pkg_ros_iot_bridge/msg/_msgRosIotActionResult.py
Symlinking /home/satyam/catkin_ws/devel/lib/python2.7/dist-packages/pkg_ros_iot_bridge/msg/__init__.py
Symlinking /home/satyam/catkin_ws/devel/lib/python2.7/dist-packages/pkg_ros_iot_bridge/msg/_msgRosIotActionFeedback.py
Symlinking /home/satyam/catkin_ws/devel/lib/python2.7/dist-packages/pkg_ros_iot_bridge/msg/_msgRosIotFeedback.py
Symlinking /home/satyam/catkin_ws/devel/include/pkg_ros_iot_bridge/msgMqttSub.h
Symlinking /home/satyam/catkin_ws/devel/include/pkg_ros_iot_bridge/msgRosIotActionResult.h
Symlinking /home/satyam/catkin_ws/devel/include/pkg_ros_iot_bridge/msgRosIotAction.h
Symlinking /home/satyam/catkin_ws/devel/include/pkg_ros_iot_bridge/msgRosIotActionGoal.h
Symlinking /home/satyam/catkin_ws/devel/include/pkg_ros_iot_bridge/msgRosIotFeedback.h
Symlinking /home/satyam/catkin_ws/devel/include/pkg_ros_iot_bridge/msgRosIotResult.h
Symlinking /home/satyam/catkin_ws/devel/include/pkg_ros_iot_bridge/msgRosIotActionFeedback.h
Symlinking /home/satyam/catkin_ws/devel/include/pkg_ros_iot_bridge/msgRosIotGoal.h
Symlinking /home/satyam/catkin_ws/devel/share/pkg_ros_iot_bridge/msg/msgRosIotActionGoal.msg
Symlinking /home/satyam/catkin_ws/devel/share/pkg_ros_iot_bridge/msg/msgRosIotGoal.msg
Symlinking /home/satyam/catkin_ws/devel/share/pkg_ros_iot_bridge/msg/msgRosIotFeedback.msg
Symlinking /home/satyam/catkin_ws/devel/share/pkg_ros_iot_bridge/msg/msgRosIotActionFeedback.msg
Symlinking /home/satyam/catkin_ws/devel/share/pkg_ros_iot_bridge/msg/msgRosIotActionResult.msg
Symlinking /home/satyam/catkin_ws/devel/share/pkg_ros_iot_bridge/msg/msgRosIotAction.msg
Symlinking /home/satyam/catkin_ws/devel/share/pkg_ros_iot_bridge/msg/msgRosIotResult.msg
Symlinking /home/satyam/catkin_ws/devel/share/pkg_ros_iot_bridge/cmake/pkg_ros_iot_bridge-msg-paths.cmake
Symlinking /home/satyam/catkin_ws/devel/share/pkg_ros_iot_bridge/cmake/pkg_ros_iot_bridgeConfig-version.cmake
Symlinking /home/satyam/catkin_ws/devel/share/pkg_ros_iot_bridge/cmake/pkg_ros_iot_bridge-msg-extras.cmake
Symlinking /home/satyam/catkin_ws/devel/share/pkg_ros_iot_bridge/cmake/pkg_ros_iot_bridgeConfig.cmake
Symlinking /home/satyam/catkin_ws/devel/share/roseus/ros/pkg_ros_iot_bridge/manifest.l
Symlinking /home/satyam/catkin_ws/devel/share/roseus/ros/pkg_ros_iot_bridge/msg/msgRosIotActionResult.l
Symlinking /home/satyam/catkin_ws/devel/share/roseus/ros/pkg_ros_iot_bridge/msg/msgRosIotActionFeedback.l
Symlinking /home/satyam/catkin_ws/devel/share/roseus/ros/pkg_ros_iot_bridge/msg/msgRosIotResult.l
Symlinking /home/satyam/catkin_ws/devel/share/roseus/ros/pkg_ros_iot_bridge/msg/msgRosIotFeedback.l
Symlinking /home/satyam/catkin_ws/devel/share/roseus/ros/pkg_ros_iot_bridge/msg/msgRosIotActionGoal.l
Symlinking /home/satyam/catkin_ws/devel/share/roseus/ros/pkg_ros_iot_bridge/msg/msgMqttSub.l
Symlinking /home/satyam/catkin_ws/devel/share/roseus/ros/pkg_ros_iot_bridge/msg/msgRosIotGoal.l
Symlinking /home/satyam/catkin_ws/devel/share/roseus/ros/pkg_ros_iot_bridge/msg/msgRosIotAction.l
Symlinking /home/satyam/catkin_ws/devel/share/gennodejs/ros/pkg_ros_iot_bridge/_index.js
Symlinking /home/satyam/catkin_ws/devel/share/gennodejs/ros/pkg_ros_iot_bridge/msg/msgRosIotResult.js
Symlinking /home/satyam/catkin_ws/devel/share/gennodejs/ros/pkg_ros_iot_bridge/msg/_index.js
Symlinking /home/satyam/catkin_ws/devel/share/gennodejs/ros/pkg_ros_iot_bridge/msg/msgRosIotFeedback.js
Symlinking /home/satyam/catkin_ws/devel/share/gennodejs/ros/pkg_ros_iot_bridge/msg/msgMqttSub.js
Symlinking /home/satyam/catkin_ws/devel/share/gennodejs/ros/pkg_ros_iot_bridge/msg/msgRosIotActionFeedback.js
Symlinking /home/satyam/catkin_ws/devel/share/gennodejs/ros/pkg_ros_iot_bridge/msg/msgRosIotActionResult.js
Symlinking /home/satyam/catkin_ws/devel/share/gennodejs/ros/pkg_ros_iot_bridge/msg/msgRosIotActionGoal.js
Symlinking /home/satyam/catkin_ws/devel/share/gennodejs/ros/pkg_ros_iot_bridge/msg/msgRosIotGoal.js
Symlinking /home/satyam/catkin_ws/devel/share/gennodejs/ros/pkg_ros_iot_bridge/msg/msgRosIotAction.js
Symlinking /home/satyam/catkin_ws/devel/share/common-lisp/ros/pkg_ros_iot_bridge/msg/_package_msgRosIotResult.lisp
Symlinking /home/satyam/catkin_ws/devel/share/common-lisp/ros/pkg_ros_iot_bridge/msg/msgRosIotActionGoal.lisp
Symlinking /home/satyam/catkin_ws/devel/share/common-lisp/ros/pkg_ros_iot_bridge/msg/pkg_ros_iot_bridge-msg.asd
Symlinking /home/satyam/catkin_ws/devel/share/common-lisp/ros/pkg_ros_iot_bridge/msg/_package_msgRosIotFeedback.lisp
Symlinking /home/satyam/catkin_ws/devel/share/common-lisp/ros/pkg_ros_iot_bridge/msg/msgRosIotAction.lisp
Symlinking /home/satyam/catkin_ws/devel/share/common-lisp/ros/pkg_ros_iot_bridge/msg/_package.lisp
Symlinking /home/satyam/catkin_ws/devel/share/common-lisp/ros/pkg_ros_iot_bridge/msg/msgRosIotActionFeedback.lisp
Symlinking /home/satyam/catkin_ws/devel/share/common-lisp/ros/pkg_ros_iot_bridge/msg/msgRosIotFeedback.lisp
Symlinking /home/satyam/catkin_ws/devel/share/common-lisp/ros/pkg_ros_iot_bridge/msg/_package_msgRosIotAction.lisp
Symlinking /home/satyam/catkin_ws/devel/share/common-lisp/ros/pkg_ros_iot_bridge/msg/_package_msgRosIotActionResult.lisp
Symlinking /home/satyam/catkin_ws/devel/share/common-lisp/ros/pkg_ros_iot_bridge/msg/_package_msgRosIotActionFeedback.lisp
Symlinking /home/satyam/catkin_ws/devel/share/common-lisp/ros/pkg_ros_iot_bridge/msg/msgRosIotGoal.lisp
Symlinking /home/satyam/catkin_ws/devel/share/common-lisp/ros/pkg_ros_iot_bridge/msg/_package_msgRosIotGoal.lisp
Symlinking /home/satyam/catkin_ws/devel/share/common-lisp/ros/pkg_ros_iot_bridge/msg/msgMqttSub.lisp
Symlinking /home/satyam/catkin_ws/devel/share/common-lisp/ros/pkg_ros_iot_bridge/msg/msgRosIotResult.lisp
Symlinking /home/satyam/catkin_ws/devel/share/common-lisp/ros/pkg_ros_iot_bridge/msg/_package_msgMqttSub.lisp
Symlinking /home/satyam/catkin_ws/devel/share/common-lisp/ros/pkg_ros_iot_bridge/msg/msgRosIotActionResult.lisp
Symlinking /home/satyam/catkin_ws/devel/share/common-lisp/ros/pkg_ros_iot_bridge/msg/_package_msgRosIotActionGoal.lisp
