Determining if the pthread_create exist failed with the following output:
Change Dir: /home/satyam/catkin_ws/build/ur_description/CMakeFiles/CMakeTmp

Run Build Command:"/usr/bin/make" "cmTC_ac8cc/fast"
/usr/bin/make -f CMakeFiles/cmTC_ac8cc.dir/build.make CMakeFiles/cmTC_ac8cc.dir/build
make[1]: Entering directory '/home/satyam/catkin_ws/build/ur_description/CMakeFiles/CMakeTmp'
Building C object CMakeFiles/cmTC_ac8cc.dir/CheckSymbolExists.c.o
/usr/bin/cc    -o CMakeFiles/cmTC_ac8cc.dir/CheckSymbolExists.c.o   -c /home/satyam/catkin_ws/build/ur_description/CMakeFiles/CMakeTmp/CheckSymbolExists.c
Linking C executable cmTC_ac8cc
/usr/bin/cmake -E cmake_link_script CMakeFiles/cmTC_ac8cc.dir/link.txt --verbose=1
/usr/bin/cc      -rdynamic CMakeFiles/cmTC_ac8cc.dir/CheckSymbolExists.c.o  -o cmTC_ac8cc 
CMakeFiles/cmTC_ac8cc.dir/CheckSymbolExists.c.o: In function `main':
CheckSymbolExists.c:(.text+0x1b): undefined reference to `pthread_create'
collect2: error: ld returned 1 exit status
CMakeFiles/cmTC_ac8cc.dir/build.make:97: recipe for target 'cmTC_ac8cc' failed
make[1]: *** [cmTC_ac8cc] Error 1
make[1]: Leaving directory '/home/satyam/catkin_ws/build/ur_description/CMakeFiles/CMakeTmp'
Makefile:126: recipe for target 'cmTC_ac8cc/fast' failed
make: *** [cmTC_ac8cc/fast] Error 2

File /home/satyam/catkin_ws/build/ur_description/CMakeFiles/CMakeTmp/CheckSymbolExists.c:
/* */
#include <pthread.h>

int main(int argc, char** argv)
{
  (void)argv;
#ifndef pthread_create
  return ((int*)(&pthread_create))[argc];
#else
  (void)argc;
  return 0;
#endif
}

Determining if the function pthread_create exists in the pthreads failed with the following output:
Change Dir: /home/satyam/catkin_ws/build/ur_description/CMakeFiles/CMakeTmp

Run Build Command:"/usr/bin/make" "cmTC_a634f/fast"
/usr/bin/make -f CMakeFiles/cmTC_a634f.dir/build.make CMakeFiles/cmTC_a634f.dir/build
make[1]: Entering directory '/home/satyam/catkin_ws/build/ur_description/CMakeFiles/CMakeTmp'
Building C object CMakeFiles/cmTC_a634f.dir/CheckFunctionExists.c.o
/usr/bin/cc   -DCHECK_FUNCTION_EXISTS=pthread_create   -o CMakeFiles/cmTC_a634f.dir/CheckFunctionExists.c.o   -c /usr/share/cmake-3.10/Modules/CheckFunctionExists.c
Linking C executable cmTC_a634f
/usr/bin/cmake -E cmake_link_script CMakeFiles/cmTC_a634f.dir/link.txt --verbose=1
/usr/bin/cc  -DCHECK_FUNCTION_EXISTS=pthread_create    -rdynamic CMakeFiles/cmTC_a634f.dir/CheckFunctionExists.c.o  -o cmTC_a634f -lpthreads 
/usr/bin/ld: cannot find -lpthreads
collect2: error: ld returned 1 exit status
CMakeFiles/cmTC_a634f.dir/build.make:97: recipe for target 'cmTC_a634f' failed
make[1]: *** [cmTC_a634f] Error 1
make[1]: Leaving directory '/home/satyam/catkin_ws/build/ur_description/CMakeFiles/CMakeTmp'
Makefile:126: recipe for target 'cmTC_a634f/fast' failed
make: *** [cmTC_a634f/fast] Error 2


