[35m[1mScanning dependencies of target _gazebo_ros_link_attacher_generate_messages_check_deps_Attach[0m
[  0%] Built target _gazebo_ros_link_attacher_generate_messages_check_deps_Attach
[35m[1mScanning dependencies of target std_msgs_generate_messages_eus[0m
[  0%] Built target std_msgs_generate_messages_eus
[35m[1mScanning dependencies of target std_msgs_generate_messages_nodejs[0m
[  0%] Built target std_msgs_generate_messages_nodejs
[35m[1mScanning dependencies of target std_msgs_generate_messages_lisp[0m
[  0%] Built target std_msgs_generate_messages_lisp
[35m[1mScanning dependencies of target std_msgs_generate_messages_py[0m
[  0%] Built target std_msgs_generate_messages_py
[35m[1mScanning dependencies of target std_msgs_generate_messages_cpp[0m
[  0%] Built target std_msgs_generate_messages_cpp
[35m[1mScanning dependencies of target gazebo_ros_link_attacher_generate_messages_eus[0m
[ 11%] [34m[1mGenerating EusLisp code from gazebo_ros_link_attacher/Attach.srv[0m
[ 22%] [34m[1mGenerating EusLisp manifest code for gazebo_ros_link_attacher[0m
[ 22%] Built target gazebo_ros_link_attacher_generate_messages_eus
[35m[1mScanning dependencies of target gazebo_ros_link_attacher_generate_messages_nodejs[0m
[ 33%] [34m[1mGenerating Javascript code from gazebo_ros_link_attacher/Attach.srv[0m
[ 33%] Built target gazebo_ros_link_attacher_generate_messages_nodejs
[35m[1mScanning dependencies of target gazebo_ros_link_attacher_generate_messages_lisp[0m
[ 44%] [34m[1mGenerating Lisp code from gazebo_ros_link_attacher/Attach.srv[0m
[ 44%] Built target gazebo_ros_link_attacher_generate_messages_lisp
[35m[1mScanning dependencies of target gazebo_ros_link_attacher_generate_messages_py[0m
[ 55%] [34m[1mGenerating Python code from SRV gazebo_ros_link_attacher/Attach[0m
[ 66%] [34m[1mGenerating Python srv __init__.py for gazebo_ros_link_attacher[0m
[ 66%] Built target gazebo_ros_link_attacher_generate_messages_py
[35m[1mScanning dependencies of target gazebo_ros_link_attacher_generate_messages_cpp[0m
[ 77%] [34m[1mGenerating C++ code from gazebo_ros_link_attacher/Attach.srv[0m
[ 77%] Built target gazebo_ros_link_attacher_generate_messages_cpp
[35m[1mScanning dependencies of target gazebo_ros_link_attacher[0m
[ 88%] [32mBuilding CXX object CMakeFiles/gazebo_ros_link_attacher.dir/src/gazebo_ros_link_attacher.cpp.o[0m
[100%] [32m[1mLinking CXX shared library /home/satyam/catkin_ws/devel/.private/gazebo_ros_link_attacher/lib/libgazebo_ros_link_attacher.so[0m
[100%] Built target gazebo_ros_link_attacher
[35m[1mScanning dependencies of target gazebo_ros_link_attacher_generate_messages[0m
[100%] Built target gazebo_ros_link_attacher_generate_messages
