[35m[1mScanning dependencies of target geometry_msgs_generate_messages_cpp[0m
[  0%] Built target geometry_msgs_generate_messages_cpp
[35m[1mScanning dependencies of target _gazebo_logical_camera_generate_messages_check_deps_Model[0m
[  0%] Built target _gazebo_logical_camera_generate_messages_check_deps_Model
[35m[1mScanning dependencies of target _gazebo_logical_camera_generate_messages_check_deps_LogicalCameraImage[0m
[  0%] Built target _gazebo_logical_camera_generate_messages_check_deps_LogicalCameraImage
[35m[1mScanning dependencies of target std_msgs_generate_messages_cpp[0m
[  0%] Built target std_msgs_generate_messages_cpp
[35m[1mScanning dependencies of target std_msgs_generate_messages_lisp[0m
[  0%] Built target std_msgs_generate_messages_lisp
[35m[1mScanning dependencies of target geometry_msgs_generate_messages_lisp[0m
[  0%] Built target geometry_msgs_generate_messages_lisp
[35m[1mScanning dependencies of target std_msgs_generate_messages_nodejs[0m
[  0%] Built target std_msgs_generate_messages_nodejs
[35m[1mScanning dependencies of target geometry_msgs_generate_messages_nodejs[0m
[  0%] Built target geometry_msgs_generate_messages_nodejs
[35m[1mScanning dependencies of target std_msgs_generate_messages_py[0m
[  0%] Built target std_msgs_generate_messages_py
[35m[1mScanning dependencies of target geometry_msgs_generate_messages_py[0m
[  0%] Built target geometry_msgs_generate_messages_py
[35m[1mScanning dependencies of target std_msgs_generate_messages_eus[0m
[  0%] Built target std_msgs_generate_messages_eus
[35m[1mScanning dependencies of target geometry_msgs_generate_messages_eus[0m
[  0%] Built target geometry_msgs_generate_messages_eus
[35m[1mScanning dependencies of target gazebo_logical_camera_generate_messages_cpp[0m
[  7%] [34m[1mGenerating C++ code from gazebo_logical_camera/LogicalCameraImage.msg[0m
[ 14%] [34m[1mGenerating C++ code from gazebo_logical_camera/Model.msg[0m
[ 14%] Built target gazebo_logical_camera_generate_messages_cpp
[35m[1mScanning dependencies of target gazebo_logical_camera_generate_messages_lisp[0m
[ 21%] [34m[1mGenerating Lisp code from gazebo_logical_camera/LogicalCameraImage.msg[0m
[ 28%] [34m[1mGenerating Lisp code from gazebo_logical_camera/Model.msg[0m
[ 28%] Built target gazebo_logical_camera_generate_messages_lisp
[35m[1mScanning dependencies of target gazebo_logical_camera_generate_messages_nodejs[0m
[ 35%] [34m[1mGenerating Javascript code from gazebo_logical_camera/LogicalCameraImage.msg[0m
[ 42%] [34m[1mGenerating Javascript code from gazebo_logical_camera/Model.msg[0m
[ 42%] Built target gazebo_logical_camera_generate_messages_nodejs
[35m[1mScanning dependencies of target gazebo_logical_camera_generate_messages_py[0m
[ 50%] [34m[1mGenerating Python from MSG gazebo_logical_camera/LogicalCameraImage[0m
[ 57%] [34m[1mGenerating Python from MSG gazebo_logical_camera/Model[0m
[ 64%] [34m[1mGenerating Python msg __init__.py for gazebo_logical_camera[0m
[ 64%] Built target gazebo_logical_camera_generate_messages_py
[35m[1mScanning dependencies of target gazebo_logical_camera_generate_messages_eus[0m
[ 71%] [34m[1mGenerating EusLisp code from gazebo_logical_camera/LogicalCameraImage.msg[0m
[ 78%] [34m[1mGenerating EusLisp code from gazebo_logical_camera/Model.msg[0m
[ 85%] [34m[1mGenerating EusLisp manifest code for gazebo_logical_camera[0m
[ 85%] Built target gazebo_logical_camera_generate_messages_eus
[35m[1mScanning dependencies of target ROSLogicalCameraPlugin[0m
[ 92%] [32mBuilding CXX object CMakeFiles/ROSLogicalCameraPlugin.dir/src/plugins/ROSLogicalCameraPlugin.cc.o[0m
[35m[1mScanning dependencies of target gazebo_logical_camera_generate_messages[0m
[ 92%] Built target gazebo_logical_camera_generate_messages
[100%] [32m[1mLinking CXX shared library /home/satyam/catkin_ws/devel/.private/gazebo_logical_camera/lib/libROSLogicalCameraPlugin.so[0m
[100%] Built target ROSLogicalCameraPlugin
