Symlinking /home/satyam/catkin_ws/devel/lib/libROSLogicalCameraPlugin.so
Symlinking /home/satyam/catkin_ws/devel/lib/pkgconfig/gazebo_logical_camera.pc
Symlinking /home/satyam/catkin_ws/devel/lib/python2.7/dist-packages/gazebo_logical_camera/__init__.py
Symlinking /home/satyam/catkin_ws/devel/lib/python2.7/dist-packages/gazebo_logical_camera/msg/_Model.py
Symlinking /home/satyam/catkin_ws/devel/lib/python2.7/dist-packages/gazebo_logical_camera/msg/__init__.py
Symlinking /home/satyam/catkin_ws/devel/lib/python2.7/dist-packages/gazebo_logical_camera/msg/_LogicalCameraImage.py
Symlinking /home/satyam/catkin_ws/devel/include/gazebo_logical_camera/LogicalCameraImage.h
Symlinking /home/satyam/catkin_ws/devel/include/gazebo_logical_camera/Model.h
Symlinking /home/satyam/catkin_ws/devel/share/gazebo_logical_camera/cmake/gazebo_logical_cameraConfig.cmake
Symlinking /home/satyam/catkin_ws/devel/share/gazebo_logical_camera/cmake/gazebo_logical_camera-msg-paths.cmake
Symlinking /home/satyam/catkin_ws/devel/share/gazebo_logical_camera/cmake/gazebo_logical_camera-msg-extras.cmake
Symlinking /home/satyam/catkin_ws/devel/share/gazebo_logical_camera/cmake/gazebo_logical_cameraConfig-version.cmake
Symlinking /home/satyam/catkin_ws/devel/share/roseus/ros/gazebo_logical_camera/manifest.l
Symlinking /home/satyam/catkin_ws/devel/share/roseus/ros/gazebo_logical_camera/msg/Model.l
Symlinking /home/satyam/catkin_ws/devel/share/roseus/ros/gazebo_logical_camera/msg/LogicalCameraImage.l
Symlinking /home/satyam/catkin_ws/devel/share/gennodejs/ros/gazebo_logical_camera/_index.js
Symlinking /home/satyam/catkin_ws/devel/share/gennodejs/ros/gazebo_logical_camera/msg/_index.js
Symlinking /home/satyam/catkin_ws/devel/share/gennodejs/ros/gazebo_logical_camera/msg/Model.js
Symlinking /home/satyam/catkin_ws/devel/share/gennodejs/ros/gazebo_logical_camera/msg/LogicalCameraImage.js
Symlinking /home/satyam/catkin_ws/devel/share/common-lisp/ros/gazebo_logical_camera/msg/Model.lisp
Symlinking /home/satyam/catkin_ws/devel/share/common-lisp/ros/gazebo_logical_camera/msg/_package.lisp
Symlinking /home/satyam/catkin_ws/devel/share/common-lisp/ros/gazebo_logical_camera/msg/gazebo_logical_camera-msg.asd
Symlinking /home/satyam/catkin_ws/devel/share/common-lisp/ros/gazebo_logical_camera/msg/LogicalCameraImage.lisp
Symlinking /home/satyam/catkin_ws/devel/share/common-lisp/ros/gazebo_logical_camera/msg/_package_Model.lisp
Symlinking /home/satyam/catkin_ws/devel/share/common-lisp/ros/gazebo_logical_camera/msg/_package_LogicalCameraImage.lisp
