[35m[1mScanning dependencies of target _pkg_vb_sim_generate_messages_check_deps_conveyorBeltPowerMsg[0m
[  0%] Built target _pkg_vb_sim_generate_messages_check_deps_conveyorBeltPowerMsg
[35m[1mScanning dependencies of target _pkg_vb_sim_generate_messages_check_deps_ConveyorBeltControl[0m
[  0%] Built target _pkg_vb_sim_generate_messages_check_deps_ConveyorBeltControl
[35m[1mScanning dependencies of target _pkg_vb_sim_generate_messages_check_deps_vacuumGripper[0m
[  0%] Built target _pkg_vb_sim_generate_messages_check_deps_vacuumGripper
[35m[1mScanning dependencies of target std_msgs_generate_messages_cpp[0m
[  0%] Built target std_msgs_generate_messages_cpp
[35m[1mScanning dependencies of target _pkg_vb_sim_generate_messages_check_deps_ConveyorBeltState[0m
[  0%] Built target _pkg_vb_sim_generate_messages_check_deps_ConveyorBeltState
[35m[1mScanning dependencies of target geometry_msgs_generate_messages_cpp[0m
[  0%] Built target geometry_msgs_generate_messages_cpp
[35m[1mScanning dependencies of target _pkg_vb_sim_generate_messages_check_deps_Model[0m
[  0%] Built target _pkg_vb_sim_generate_messages_check_deps_Model
[35m[1mScanning dependencies of target _pkg_vb_sim_generate_messages_check_deps_LogicalCameraImage[0m
[  0%] Built target _pkg_vb_sim_generate_messages_check_deps_LogicalCameraImage
[35m[1mScanning dependencies of target std_msgs_generate_messages_py[0m
[  0%] Built target std_msgs_generate_messages_py
[35m[1mScanning dependencies of target geometry_msgs_generate_messages_py[0m
[  0%] Built target geometry_msgs_generate_messages_py
[35m[1mScanning dependencies of target geometry_msgs_generate_messages_nodejs[0m
[  0%] Built target geometry_msgs_generate_messages_nodejs
[35m[1mScanning dependencies of target std_msgs_generate_messages_nodejs[0m
[  0%] Built target std_msgs_generate_messages_nodejs
[35m[1mScanning dependencies of target std_msgs_generate_messages_lisp[0m
[  0%] Built target std_msgs_generate_messages_lisp
[35m[1mScanning dependencies of target geometry_msgs_generate_messages_lisp[0m
[  0%] Built target geometry_msgs_generate_messages_lisp
[35m[1mScanning dependencies of target std_msgs_generate_messages_eus[0m
[  0%] Built target std_msgs_generate_messages_eus
[35m[1mScanning dependencies of target geometry_msgs_generate_messages_eus[0m
[  0%] Built target geometry_msgs_generate_messages_eus
[35m[1mScanning dependencies of target pkg_vb_sim_xacro_generated_to_devel_space_[0m
[  0%] Built target pkg_vb_sim_xacro_generated_to_devel_space_
[35m[1mScanning dependencies of target pkg_vb_sim_generate_messages_cpp[0m
[  3%] [34m[1mGenerating C++ code from pkg_vb_sim/LogicalCameraImage.msg[0m
[  6%] [34m[1mGenerating C++ code from pkg_vb_sim/Model.msg[0m
[  9%] [34m[1mGenerating C++ code from pkg_vb_sim/ConveyorBeltState.msg[0m
[ 12%] [34m[1mGenerating C++ code from pkg_vb_sim/ConveyorBeltControl.srv[0m
[35m[1mScanning dependencies of target pkg_vb_sim_generate_messages_py[0m
[ 15%] [34m[1mGenerating Python from MSG pkg_vb_sim/LogicalCameraImage[0m
[ 18%] [34m[1mGenerating Python from MSG pkg_vb_sim/Model[0m
[ 21%] [34m[1mGenerating C++ code from pkg_vb_sim/vacuumGripper.srv[0m
[ 24%] [34m[1mGenerating Python from MSG pkg_vb_sim/ConveyorBeltState[0m
[ 27%] [34m[1mGenerating Python code from SRV pkg_vb_sim/ConveyorBeltControl[0m
[ 30%] [34m[1mGenerating Python code from SRV pkg_vb_sim/vacuumGripper[0m
[ 33%] [34m[1mGenerating C++ code from pkg_vb_sim/conveyorBeltPowerMsg.srv[0m
[ 36%] [34m[1mGenerating Python code from SRV pkg_vb_sim/conveyorBeltPowerMsg[0m
[35m[1mScanning dependencies of target pkg_vb_sim_generate_messages_nodejs[0m
[ 39%] [34m[1mGenerating Python msg __init__.py for pkg_vb_sim[0m
[ 42%] [34m[1mGenerating Javascript code from pkg_vb_sim/LogicalCameraImage.msg[0m
[ 45%] [34m[1mGenerating Javascript code from pkg_vb_sim/Model.msg[0m
[ 48%] [34m[1mGenerating Python srv __init__.py for pkg_vb_sim[0m
[ 48%] Built target pkg_vb_sim_generate_messages_cpp
[ 51%] [34m[1mGenerating Javascript code from pkg_vb_sim/ConveyorBeltState.msg[0m
[ 54%] [34m[1mGenerating Javascript code from pkg_vb_sim/ConveyorBeltControl.srv[0m
[ 57%] [34m[1mGenerating Javascript code from pkg_vb_sim/vacuumGripper.srv[0m
[35m[1mScanning dependencies of target pkg_vb_sim_generate_messages_lisp[0m
[ 60%] [34m[1mGenerating Lisp code from pkg_vb_sim/LogicalCameraImage.msg[0m
[ 60%] Built target pkg_vb_sim_generate_messages_py
[ 63%] [34m[1mGenerating Lisp code from pkg_vb_sim/Model.msg[0m
[ 66%] [34m[1mGenerating Javascript code from pkg_vb_sim/conveyorBeltPowerMsg.srv[0m
[ 69%] [34m[1mGenerating Lisp code from pkg_vb_sim/ConveyorBeltState.msg[0m
[35m[1mScanning dependencies of target pkg_vb_sim_generate_messages_eus[0m
[ 69%] Built target pkg_vb_sim_generate_messages_nodejs
[ 72%] [34m[1mGenerating EusLisp code from pkg_vb_sim/LogicalCameraImage.msg[0m
[ 75%] [34m[1mGenerating Lisp code from pkg_vb_sim/ConveyorBeltControl.srv[0m
[ 78%] [34m[1mGenerating EusLisp code from pkg_vb_sim/Model.msg[0m
[ 81%] [34m[1mGenerating Lisp code from pkg_vb_sim/vacuumGripper.srv[0m
[ 84%] [34m[1mGenerating EusLisp code from pkg_vb_sim/ConveyorBeltState.msg[0m
[ 87%] [34m[1mGenerating Lisp code from pkg_vb_sim/conveyorBeltPowerMsg.srv[0m
[ 90%] [34m[1mGenerating EusLisp code from pkg_vb_sim/ConveyorBeltControl.srv[0m
[ 90%] Built target pkg_vb_sim_generate_messages_lisp
[ 93%] [34m[1mGenerating EusLisp code from pkg_vb_sim/vacuumGripper.srv[0m
[ 96%] [34m[1mGenerating EusLisp code from pkg_vb_sim/conveyorBeltPowerMsg.srv[0m
[100%] [34m[1mGenerating EusLisp manifest code for pkg_vb_sim[0m
[100%] Built target pkg_vb_sim_generate_messages_eus
[35m[1mScanning dependencies of target pkg_vb_sim_generate_messages[0m
[100%] Built target pkg_vb_sim_generate_messages
