[  0%] Built target _pkg_vb_sim_generate_messages_check_deps_conveyorBeltPowerMsg
[  0%] Built target _pkg_vb_sim_generate_messages_check_deps_ConveyorBeltControl
[  0%] Built target _pkg_vb_sim_generate_messages_check_deps_vacuumGripper
[  0%] Built target std_msgs_generate_messages_cpp
[  0%] Built target geometry_msgs_generate_messages_cpp
[  0%] Built target _pkg_vb_sim_generate_messages_check_deps_ConveyorBeltState
[  0%] Built target _pkg_vb_sim_generate_messages_check_deps_Model
[  0%] Built target std_msgs_generate_messages_py
[  0%] Built target geometry_msgs_generate_messages_py
[  0%] Built target _pkg_vb_sim_generate_messages_check_deps_LogicalCameraImage
[  0%] Built target geometry_msgs_generate_messages_nodejs
[  0%] Built target std_msgs_generate_messages_nodejs
[  0%] Built target std_msgs_generate_messages_lisp
[  0%] Built target geometry_msgs_generate_messages_lisp
[  0%] Built target std_msgs_generate_messages_eus
[  0%] Built target geometry_msgs_generate_messages_eus
[  0%] Built target pkg_vb_sim_xacro_generated_to_devel_space_
[ 18%] Built target pkg_vb_sim_generate_messages_cpp
[ 42%] Built target pkg_vb_sim_generate_messages_py
[ 60%] Built target pkg_vb_sim_generate_messages_nodejs
[ 78%] Built target pkg_vb_sim_generate_messages_lisp
[100%] Built target pkg_vb_sim_generate_messages_eus
[100%] Built target pkg_vb_sim_generate_messages
