[35m[1mScanning dependencies of target _gazebo_msgs_generate_messages_check_deps_SetLightProperties[0m
[  0%] Built target _gazebo_msgs_generate_messages_check_deps_SetLightProperties
[35m[1mScanning dependencies of target _gazebo_msgs_generate_messages_check_deps_PerformanceMetrics[0m
[  0%] Built target _gazebo_msgs_generate_messages_check_deps_PerformanceMetrics
[35m[1mScanning dependencies of target _gazebo_msgs_generate_messages_check_deps_ApplyBodyWrench[0m
[  0%] Built target _gazebo_msgs_generate_messages_check_deps_ApplyBodyWrench
[35m[1mScanning dependencies of target _gazebo_msgs_generate_messages_check_deps_LinkStates[0m
[  0%] Built target _gazebo_msgs_generate_messages_check_deps_LinkStates
[35m[1mScanning dependencies of target _gazebo_msgs_generate_messages_check_deps_BodyRequest[0m
[  0%] Built target _gazebo_msgs_generate_messages_check_deps_BodyRequest
[35m[1mScanning dependencies of target geometry_msgs_generate_messages_nodejs[0m
[  0%] Built target geometry_msgs_generate_messages_nodejs
[35m[1mScanning dependencies of target _gazebo_msgs_generate_messages_check_deps_SetLinkProperties[0m
[  0%] Built target _gazebo_msgs_generate_messages_check_deps_SetLinkProperties
[35m[1mScanning dependencies of target _gazebo_msgs_generate_messages_check_deps_SpawnModel[0m
[  0%] Built target _gazebo_msgs_generate_messages_check_deps_SpawnModel
[35m[1mScanning dependencies of target _gazebo_msgs_generate_messages_check_deps_ApplyJointEffort[0m
[  0%] Built target _gazebo_msgs_generate_messages_check_deps_ApplyJointEffort
[35m[1mScanning dependencies of target _gazebo_msgs_generate_messages_check_deps_GetModelState[0m
[  0%] Built target _gazebo_msgs_generate_messages_check_deps_GetModelState
[35m[1mScanning dependencies of target std_msgs_generate_messages_nodejs[0m
[  0%] Built target std_msgs_generate_messages_nodejs
[35m[1mScanning dependencies of target _gazebo_msgs_generate_messages_check_deps_SetJointProperties[0m
[  0%] Built target _gazebo_msgs_generate_messages_check_deps_SetJointProperties
[35m[1mScanning dependencies of target _gazebo_msgs_generate_messages_check_deps_DeleteLight[0m
[  0%] Built target _gazebo_msgs_generate_messages_check_deps_DeleteLight
[35m[1mScanning dependencies of target _gazebo_msgs_generate_messages_check_deps_SetModelConfiguration[0m
[  0%] Built target _gazebo_msgs_generate_messages_check_deps_SetModelConfiguration
[35m[1mScanning dependencies of target sensor_msgs_generate_messages_nodejs[0m
[  0%] Built target sensor_msgs_generate_messages_nodejs
[35m[1mScanning dependencies of target _gazebo_msgs_generate_messages_check_deps_GetWorldProperties[0m
[  0%] Built target _gazebo_msgs_generate_messages_check_deps_GetWorldProperties
[35m[1mScanning dependencies of target _gazebo_msgs_generate_messages_check_deps_GetLinkState[0m
[  0%] Built target _gazebo_msgs_generate_messages_check_deps_GetLinkState
[35m[1mScanning dependencies of target trajectory_msgs_generate_messages_nodejs[0m
[  0%] Built target trajectory_msgs_generate_messages_nodejs
[35m[1mScanning dependencies of target _gazebo_msgs_generate_messages_check_deps_GetJointProperties[0m
[  0%] Built target _gazebo_msgs_generate_messages_check_deps_GetJointProperties
[35m[1mScanning dependencies of target _gazebo_msgs_generate_messages_check_deps_ODEPhysics[0m
[  0%] Built target _gazebo_msgs_generate_messages_check_deps_ODEPhysics
[35m[1mScanning dependencies of target _gazebo_msgs_generate_messages_check_deps_SetPhysicsProperties[0m
[  0%] Built target _gazebo_msgs_generate_messages_check_deps_SetPhysicsProperties
[35m[1mScanning dependencies of target _gazebo_msgs_generate_messages_check_deps_SetLinkState[0m
[  0%] Built target _gazebo_msgs_generate_messages_check_deps_SetLinkState
[35m[1mScanning dependencies of target _gazebo_msgs_generate_messages_check_deps_WorldState[0m
[  0%] Built target _gazebo_msgs_generate_messages_check_deps_WorldState
[35m[1mScanning dependencies of target _gazebo_msgs_generate_messages_check_deps_ContactsState[0m
[  0%] Built target _gazebo_msgs_generate_messages_check_deps_ContactsState
[35m[1mScanning dependencies of target _gazebo_msgs_generate_messages_check_deps_SetModelState[0m
[  0%] Built target _gazebo_msgs_generate_messages_check_deps_SetModelState
[35m[1mScanning dependencies of target _gazebo_msgs_generate_messages_check_deps_JointRequest[0m
[  0%] Built target _gazebo_msgs_generate_messages_check_deps_JointRequest
[35m[1mScanning dependencies of target _gazebo_msgs_generate_messages_check_deps_GetLightProperties[0m
[  0%] Built target _gazebo_msgs_generate_messages_check_deps_GetLightProperties
[35m[1mScanning dependencies of target _gazebo_msgs_generate_messages_check_deps_ODEJointProperties[0m
[  0%] Built target _gazebo_msgs_generate_messages_check_deps_ODEJointProperties
[35m[1mScanning dependencies of target _gazebo_msgs_generate_messages_check_deps_ContactState[0m
[  0%] Built target _gazebo_msgs_generate_messages_check_deps_ContactState
[35m[1mScanning dependencies of target _gazebo_msgs_generate_messages_check_deps_SetJointTrajectory[0m
[  0%] Built target _gazebo_msgs_generate_messages_check_deps_SetJointTrajectory
[35m[1mScanning dependencies of target _gazebo_msgs_generate_messages_check_deps_LinkState[0m
[  0%] Built target _gazebo_msgs_generate_messages_check_deps_LinkState
[35m[1mScanning dependencies of target _gazebo_msgs_generate_messages_check_deps_GetPhysicsProperties[0m
[  0%] Built target _gazebo_msgs_generate_messages_check_deps_GetPhysicsProperties
[35m[1mScanning dependencies of target _gazebo_msgs_generate_messages_check_deps_GetModelProperties[0m
[  0%] Built target _gazebo_msgs_generate_messages_check_deps_GetModelProperties
[35m[1mScanning dependencies of target _gazebo_msgs_generate_messages_check_deps_GetLinkProperties[0m
[  0%] Built target _gazebo_msgs_generate_messages_check_deps_GetLinkProperties
[35m[1mScanning dependencies of target _gazebo_msgs_generate_messages_check_deps_ModelState[0m
[  0%] Built target _gazebo_msgs_generate_messages_check_deps_ModelState
[35m[1mScanning dependencies of target _gazebo_msgs_generate_messages_check_deps_DeleteModel[0m
[  0%] Built target _gazebo_msgs_generate_messages_check_deps_DeleteModel
[35m[1mScanning dependencies of target _gazebo_msgs_generate_messages_check_deps_ModelStates[0m
[  0%] Built target _gazebo_msgs_generate_messages_check_deps_ModelStates
[35m[1mScanning dependencies of target _gazebo_msgs_generate_messages_check_deps_SensorPerformanceMetric[0m
[  0%] Built target _gazebo_msgs_generate_messages_check_deps_SensorPerformanceMetric
[35m[1mScanning dependencies of target geometry_msgs_generate_messages_py[0m
[  0%] Built target geometry_msgs_generate_messages_py
[35m[1mScanning dependencies of target std_msgs_generate_messages_py[0m
[  0%] Built target std_msgs_generate_messages_py
[35m[1mScanning dependencies of target sensor_msgs_generate_messages_py[0m
[  0%] Built target sensor_msgs_generate_messages_py
[35m[1mScanning dependencies of target trajectory_msgs_generate_messages_py[0m
[  0%] Built target trajectory_msgs_generate_messages_py
[35m[1mScanning dependencies of target geometry_msgs_generate_messages_cpp[0m
[  0%] Built target geometry_msgs_generate_messages_cpp
[35m[1mScanning dependencies of target std_msgs_generate_messages_cpp[0m
[  0%] Built target std_msgs_generate_messages_cpp
[35m[1mScanning dependencies of target sensor_msgs_generate_messages_cpp[0m
[  0%] Built target sensor_msgs_generate_messages_cpp
[35m[1mScanning dependencies of target trajectory_msgs_generate_messages_cpp[0m
[  0%] Built target trajectory_msgs_generate_messages_cpp
[35m[1mScanning dependencies of target geometry_msgs_generate_messages_eus[0m
[  0%] Built target geometry_msgs_generate_messages_eus
[35m[1mScanning dependencies of target sensor_msgs_generate_messages_eus[0m
[  0%] Built target sensor_msgs_generate_messages_eus
[35m[1mScanning dependencies of target std_msgs_generate_messages_eus[0m
[  0%] Built target std_msgs_generate_messages_eus
[35m[1mScanning dependencies of target trajectory_msgs_generate_messages_eus[0m
[  0%] Built target trajectory_msgs_generate_messages_eus
[35m[1mScanning dependencies of target geometry_msgs_generate_messages_lisp[0m
[  0%] Built target geometry_msgs_generate_messages_lisp
[35m[1mScanning dependencies of target trajectory_msgs_generate_messages_lisp[0m
[  0%] Built target trajectory_msgs_generate_messages_lisp
[35m[1mScanning dependencies of target sensor_msgs_generate_messages_lisp[0m
[  0%] Built target sensor_msgs_generate_messages_lisp
[35m[1mScanning dependencies of target std_msgs_generate_messages_lisp[0m
[  0%] Built target std_msgs_generate_messages_lisp
[35m[1mScanning dependencies of target gazebo_msgs_generate_messages_nodejs[0m
[  1%] [34m[1mGenerating Javascript code from gazebo_msgs/SensorPerformanceMetric.msg[0m
[  2%] [34m[1mGenerating Javascript code from gazebo_msgs/PerformanceMetrics.msg[0m
[  2%] [34m[1mGenerating Javascript code from gazebo_msgs/ContactsState.msg[0m
[  3%] [34m[1mGenerating Javascript code from gazebo_msgs/ODEPhysics.msg[0m
[  3%] [34m[1mGenerating Javascript code from gazebo_msgs/ModelState.msg[0m
[  4%] [34m[1mGenerating Javascript code from gazebo_msgs/ODEJointProperties.msg[0m
[  4%] [34m[1mGenerating Javascript code from gazebo_msgs/LinkStates.msg[0m
[  5%] [34m[1mGenerating Javascript code from gazebo_msgs/WorldState.msg[0m
[  5%] [34m[1mGenerating Javascript code from gazebo_msgs/ContactState.msg[0m
[  6%] [34m[1mGenerating Javascript code from gazebo_msgs/ModelStates.msg[0m
[  6%] [34m[1mGenerating Javascript code from gazebo_msgs/LinkState.msg[0m
[  7%] [34m[1mGenerating Javascript code from gazebo_msgs/GetLinkState.srv[0m
[  8%] [34m[1mGenerating Javascript code from gazebo_msgs/ApplyBodyWrench.srv[0m
[  8%] [34m[1mGenerating Javascript code from gazebo_msgs/JointRequest.srv[0m
[  9%] [34m[1mGenerating Javascript code from gazebo_msgs/SetModelConfiguration.srv[0m
[  9%] [34m[1mGenerating Javascript code from gazebo_msgs/BodyRequest.srv[0m
[ 10%] [34m[1mGenerating Javascript code from gazebo_msgs/GetJointProperties.srv[0m
[ 10%] [34m[1mGenerating Javascript code from gazebo_msgs/SetPhysicsProperties.srv[0m
[ 11%] [34m[1mGenerating Javascript code from gazebo_msgs/SetLinkState.srv[0m
[ 11%] [34m[1mGenerating Javascript code from gazebo_msgs/SetLinkProperties.srv[0m
[ 12%] [34m[1mGenerating Javascript code from gazebo_msgs/GetPhysicsProperties.srv[0m
[ 12%] [34m[1mGenerating Javascript code from gazebo_msgs/ApplyJointEffort.srv[0m
[ 13%] [34m[1mGenerating Javascript code from gazebo_msgs/SetModelState.srv[0m
[ 14%] [34m[1mGenerating Javascript code from gazebo_msgs/SpawnModel.srv[0m
[ 14%] [34m[1mGenerating Javascript code from gazebo_msgs/SetJointProperties.srv[0m
[ 15%] [34m[1mGenerating Javascript code from gazebo_msgs/GetLightProperties.srv[0m
[ 15%] [34m[1mGenerating Javascript code from gazebo_msgs/SetLightProperties.srv[0m
[ 17%] [34m[1mGenerating Javascript code from gazebo_msgs/SetJointTrajectory.srv[0m
[ 17%] [34m[1mGenerating Javascript code from gazebo_msgs/GetWorldProperties.srv[0m
[ 18%] [34m[1mGenerating Javascript code from gazebo_msgs/GetModelProperties.srv[0m
[ 18%] [34m[1mGenerating Javascript code from gazebo_msgs/GetLinkProperties.srv[0m
[ 19%] [34m[1mGenerating Javascript code from gazebo_msgs/GetModelState.srv[0m
[ 19%] [34m[1mGenerating Javascript code from gazebo_msgs/DeleteModel.srv[0m
[ 20%] [34m[1mGenerating Javascript code from gazebo_msgs/DeleteLight.srv[0m
[ 20%] Built target gazebo_msgs_generate_messages_nodejs
[35m[1mScanning dependencies of target gazebo_msgs_generate_messages_py[0m
[ 21%] [34m[1mGenerating Python from MSG gazebo_msgs/SensorPerformanceMetric[0m
[ 21%] [34m[1mGenerating Python from MSG gazebo_msgs/PerformanceMetrics[0m
[ 22%] [34m[1mGenerating Python from MSG gazebo_msgs/ContactsState[0m
[ 22%] [34m[1mGenerating Python from MSG gazebo_msgs/ODEPhysics[0m
[ 23%] [34m[1mGenerating Python from MSG gazebo_msgs/ModelState[0m
[ 23%] [34m[1mGenerating Python from MSG gazebo_msgs/ODEJointProperties[0m
[ 24%] [34m[1mGenerating Python from MSG gazebo_msgs/LinkStates[0m
[ 24%] [34m[1mGenerating Python from MSG gazebo_msgs/WorldState[0m
[ 25%] [34m[1mGenerating Python from MSG gazebo_msgs/ContactState[0m
[ 25%] [34m[1mGenerating Python from MSG gazebo_msgs/ModelStates[0m
[35m[1mScanning dependencies of target gazebo_msgs_generate_messages_cpp[0m
[ 26%] [34m[1mGenerating Python from MSG gazebo_msgs/LinkState[0m
[ 26%] [34m[1mGenerating C++ code from gazebo_msgs/SensorPerformanceMetric.msg[0m
[ 26%] [34m[1mGenerating Python code from SRV gazebo_msgs/GetLinkState[0m
[ 27%] [34m[1mGenerating Python code from SRV gazebo_msgs/ApplyBodyWrench[0m
[ 28%] [34m[1mGenerating C++ code from gazebo_msgs/PerformanceMetrics.msg[0m
[ 28%] [34m[1mGenerating C++ code from gazebo_msgs/ContactsState.msg[0m
[ 29%] [34m[1mGenerating Python code from SRV gazebo_msgs/JointRequest[0m
[35m[1mScanning dependencies of target gazebo_msgs_generate_messages_eus[0m
[ 30%] [34m[1mGenerating C++ code from gazebo_msgs/ODEPhysics.msg[0m
[ 31%] [34m[1mGenerating EusLisp code from gazebo_msgs/SensorPerformanceMetric.msg[0m
[ 31%] [34m[1mGenerating Python code from SRV gazebo_msgs/SetModelConfiguration[0m
[ 31%] [34m[1mGenerating EusLisp code from gazebo_msgs/PerformanceMetrics.msg[0m
[ 31%] [34m[1mGenerating C++ code from gazebo_msgs/ModelState.msg[0m
[ 32%] [34m[1mGenerating Python code from SRV gazebo_msgs/BodyRequest[0m
[ 34%] [34m[1mGenerating EusLisp code from gazebo_msgs/ContactsState.msg[0m
[ 34%] [34m[1mGenerating EusLisp code from gazebo_msgs/ODEPhysics.msg[0m
[ 34%] [34m[1mGenerating Python code from SRV gazebo_msgs/GetJointProperties[0m
[ 35%] [34m[1mGenerating Python code from SRV gazebo_msgs/SetPhysicsProperties[0m
[ 36%] [34m[1mGenerating EusLisp code from gazebo_msgs/ModelState.msg[0m
[ 37%] [34m[1mGenerating C++ code from gazebo_msgs/ODEJointProperties.msg[0m
[ 37%] [34m[1mGenerating EusLisp code from gazebo_msgs/ODEJointProperties.msg[0m
[ 38%] [34m[1mGenerating EusLisp code from gazebo_msgs/LinkStates.msg[0m
[ 38%] [34m[1mGenerating Python code from SRV gazebo_msgs/SetLinkState[0m
[ 38%] [34m[1mGenerating EusLisp code from gazebo_msgs/WorldState.msg[0m
[35m[1mScanning dependencies of target gazebo_msgs_generate_messages_lisp[0m
[ 39%] [34m[1mGenerating Lisp code from gazebo_msgs/SensorPerformanceMetric.msg[0m
[ 40%] [34m[1mGenerating Python code from SRV gazebo_msgs/SetLinkProperties[0m
[ 40%] [34m[1mGenerating Lisp code from gazebo_msgs/PerformanceMetrics.msg[0m
[ 41%] [34m[1mGenerating EusLisp code from gazebo_msgs/ContactState.msg[0m
[ 41%] [34m[1mGenerating C++ code from gazebo_msgs/LinkStates.msg[0m
[ 42%] [34m[1mGenerating Lisp code from gazebo_msgs/ContactsState.msg[0m
[ 42%] [34m[1mGenerating EusLisp code from gazebo_msgs/ModelStates.msg[0m
[ 42%] [34m[1mGenerating Python code from SRV gazebo_msgs/GetPhysicsProperties[0m
[ 42%] [34m[1mGenerating Lisp code from gazebo_msgs/ODEPhysics.msg[0m
[ 43%] [34m[1mGenerating Lisp code from gazebo_msgs/ModelState.msg[0m
[ 44%] [34m[1mGenerating EusLisp code from gazebo_msgs/LinkState.msg[0m
[ 45%] [34m[1mGenerating Python code from SRV gazebo_msgs/ApplyJointEffort[0m
[ 45%] [34m[1mGenerating Lisp code from gazebo_msgs/ODEJointProperties.msg[0m
[ 46%] [34m[1mGenerating C++ code from gazebo_msgs/WorldState.msg[0m
[ 47%] [34m[1mGenerating EusLisp code from gazebo_msgs/GetLinkState.srv[0m
[ 48%] [34m[1mGenerating Lisp code from gazebo_msgs/LinkStates.msg[0m
[ 48%] [34m[1mGenerating Python code from SRV gazebo_msgs/SetModelState[0m
[ 48%] [34m[1mGenerating Lisp code from gazebo_msgs/WorldState.msg[0m
[ 48%] [34m[1mGenerating EusLisp code from gazebo_msgs/ApplyBodyWrench.srv[0m
[ 50%] [34m[1mGenerating Lisp code from gazebo_msgs/ContactState.msg[0m
[ 50%] [34m[1mGenerating C++ code from gazebo_msgs/ContactState.msg[0m
[ 51%] [34m[1mGenerating Python code from SRV gazebo_msgs/SpawnModel[0m
[ 52%] [34m[1mGenerating EusLisp code from gazebo_msgs/JointRequest.srv[0m
[ 52%] [34m[1mGenerating Lisp code from gazebo_msgs/ModelStates.msg[0m
[ 53%] [34m[1mGenerating Lisp code from gazebo_msgs/LinkState.msg[0m
[ 53%] [34m[1mGenerating EusLisp code from gazebo_msgs/SetModelConfiguration.srv[0m
[ 54%] [34m[1mGenerating Python code from SRV gazebo_msgs/SetJointProperties[0m
[ 55%] [34m[1mGenerating Lisp code from gazebo_msgs/GetLinkState.srv[0m
[ 56%] [34m[1mGenerating Lisp code from gazebo_msgs/ApplyBodyWrench.srv[0m
[ 56%] [34m[1mGenerating EusLisp code from gazebo_msgs/BodyRequest.srv[0m
[ 57%] [34m[1mGenerating C++ code from gazebo_msgs/ModelStates.msg[0m
[ 57%] [34m[1mGenerating Python code from SRV gazebo_msgs/GetLightProperties[0m
[ 58%] [34m[1mGenerating Lisp code from gazebo_msgs/JointRequest.srv[0m
[ 58%] [34m[1mGenerating EusLisp code from gazebo_msgs/GetJointProperties.srv[0m
[ 58%] [34m[1mGenerating Lisp code from gazebo_msgs/SetModelConfiguration.srv[0m
[ 59%] [34m[1mGenerating EusLisp code from gazebo_msgs/SetPhysicsProperties.srv[0m
[ 60%] [34m[1mGenerating Lisp code from gazebo_msgs/BodyRequest.srv[0m
[ 61%] [34m[1mGenerating Python code from SRV gazebo_msgs/SetLightProperties[0m
[ 61%] [34m[1mGenerating C++ code from gazebo_msgs/LinkState.msg[0m
[ 61%] [34m[1mGenerating Lisp code from gazebo_msgs/GetJointProperties.srv[0m
[ 61%] [34m[1mGenerating EusLisp code from gazebo_msgs/SetLinkState.srv[0m
[ 61%] [34m[1mGenerating Python code from SRV gazebo_msgs/SetJointTrajectory[0m
[ 62%] [34m[1mGenerating Lisp code from gazebo_msgs/SetPhysicsProperties.srv[0m
[ 63%] [34m[1mGenerating EusLisp code from gazebo_msgs/SetLinkProperties.srv[0m
[ 63%] [34m[1mGenerating Lisp code from gazebo_msgs/SetLinkState.srv[0m
[ 64%] [34m[1mGenerating Python code from SRV gazebo_msgs/GetWorldProperties[0m
[ 65%] [34m[1mGenerating C++ code from gazebo_msgs/GetLinkState.srv[0m
[ 67%] [34m[1mGenerating Lisp code from gazebo_msgs/SetLinkProperties.srv[0m
[ 67%] [34m[1mGenerating EusLisp code from gazebo_msgs/GetPhysicsProperties.srv[0m
[ 67%] [34m[1mGenerating Lisp code from gazebo_msgs/GetPhysicsProperties.srv[0m
[ 67%] [34m[1mGenerating Python code from SRV gazebo_msgs/GetModelProperties[0m
[ 68%] [34m[1mGenerating EusLisp code from gazebo_msgs/ApplyJointEffort.srv[0m
[ 69%] [34m[1mGenerating Lisp code from gazebo_msgs/ApplyJointEffort.srv[0m
[ 70%] [34m[1mGenerating Lisp code from gazebo_msgs/SetModelState.srv[0m
[ 70%] [34m[1mGenerating EusLisp code from gazebo_msgs/SetModelState.srv[0m
[ 71%] [34m[1mGenerating Python code from SRV gazebo_msgs/GetLinkProperties[0m
[ 71%] [34m[1mGenerating Lisp code from gazebo_msgs/SpawnModel.srv[0m
[ 72%] [34m[1mGenerating Lisp code from gazebo_msgs/SetJointProperties.srv[0m
[ 73%] [34m[1mGenerating EusLisp code from gazebo_msgs/SpawnModel.srv[0m
[ 73%] [34m[1mGenerating Python code from SRV gazebo_msgs/GetModelState[0m
[ 73%] [34m[1mGenerating Lisp code from gazebo_msgs/GetLightProperties.srv[0m
[ 74%] [34m[1mGenerating C++ code from gazebo_msgs/ApplyBodyWrench.srv[0m
[ 75%] [34m[1mGenerating EusLisp code from gazebo_msgs/SetJointProperties.srv[0m
[ 76%] [34m[1mGenerating Lisp code from gazebo_msgs/SetLightProperties.srv[0m
[ 77%] [34m[1mGenerating Python code from SRV gazebo_msgs/DeleteModel[0m
[ 77%] [34m[1mGenerating Lisp code from gazebo_msgs/SetJointTrajectory.srv[0m
[ 77%] [34m[1mGenerating EusLisp code from gazebo_msgs/GetLightProperties.srv[0m
[ 78%] [34m[1mGenerating Lisp code from gazebo_msgs/GetWorldProperties.srv[0m
[ 78%] [34m[1mGenerating Python code from SRV gazebo_msgs/DeleteLight[0m
[ 78%] [34m[1mGenerating Lisp code from gazebo_msgs/GetModelProperties.srv[0m
[ 79%] [34m[1mGenerating EusLisp code from gazebo_msgs/SetLightProperties.srv[0m
[ 80%] [34m[1mGenerating Lisp code from gazebo_msgs/GetLinkProperties.srv[0m
[ 80%] [34m[1mGenerating EusLisp code from gazebo_msgs/SetJointTrajectory.srv[0m
[ 80%] [34m[1mGenerating Lisp code from gazebo_msgs/GetModelState.srv[0m
[ 81%] [34m[1mGenerating Python msg __init__.py for gazebo_msgs[0m
[ 81%] [34m[1mGenerating C++ code from gazebo_msgs/JointRequest.srv[0m
[ 82%] [34m[1mGenerating Lisp code from gazebo_msgs/DeleteModel.srv[0m
[ 84%] [34m[1mGenerating EusLisp code from gazebo_msgs/GetWorldProperties.srv[0m
[ 84%] [34m[1mGenerating Lisp code from gazebo_msgs/DeleteLight.srv[0m
[ 85%] [34m[1mGenerating Python srv __init__.py for gazebo_msgs[0m
[ 85%] Built target gazebo_msgs_generate_messages_lisp
[ 85%] [34m[1mGenerating EusLisp code from gazebo_msgs/GetModelProperties.srv[0m
[ 86%] [34m[1mGenerating C++ code from gazebo_msgs/SetModelConfiguration.srv[0m
[ 86%] Built target gazebo_msgs_generate_messages_py
[ 87%] [34m[1mGenerating C++ code from gazebo_msgs/BodyRequest.srv[0m
[ 87%] [34m[1mGenerating EusLisp code from gazebo_msgs/GetLinkProperties.srv[0m
[ 87%] [34m[1mGenerating EusLisp code from gazebo_msgs/GetModelState.srv[0m
[ 88%] [34m[1mGenerating C++ code from gazebo_msgs/GetJointProperties.srv[0m
[ 89%] [34m[1mGenerating EusLisp code from gazebo_msgs/DeleteModel.srv[0m
[ 89%] [34m[1mGenerating C++ code from gazebo_msgs/SetPhysicsProperties.srv[0m
[ 89%] [34m[1mGenerating EusLisp code from gazebo_msgs/DeleteLight.srv[0m
[ 90%] [34m[1mGenerating EusLisp manifest code for gazebo_msgs[0m
[ 91%] [34m[1mGenerating C++ code from gazebo_msgs/SetLinkState.srv[0m
[ 91%] [34m[1mGenerating C++ code from gazebo_msgs/SetLinkProperties.srv[0m
[ 92%] [34m[1mGenerating C++ code from gazebo_msgs/GetPhysicsProperties.srv[0m
[ 92%] [34m[1mGenerating C++ code from gazebo_msgs/ApplyJointEffort.srv[0m
[ 93%] [34m[1mGenerating C++ code from gazebo_msgs/SetModelState.srv[0m
[ 94%] [34m[1mGenerating C++ code from gazebo_msgs/SpawnModel.srv[0m
[ 94%] [34m[1mGenerating C++ code from gazebo_msgs/SetJointProperties.srv[0m
[ 95%] [34m[1mGenerating C++ code from gazebo_msgs/GetLightProperties.srv[0m
[ 95%] [34m[1mGenerating C++ code from gazebo_msgs/SetLightProperties.srv[0m
[ 96%] [34m[1mGenerating C++ code from gazebo_msgs/SetJointTrajectory.srv[0m
[ 96%] [34m[1mGenerating C++ code from gazebo_msgs/GetWorldProperties.srv[0m
[ 96%] Built target gazebo_msgs_generate_messages_eus
[ 97%] [34m[1mGenerating C++ code from gazebo_msgs/GetModelProperties.srv[0m
[ 97%] [34m[1mGenerating C++ code from gazebo_msgs/GetLinkProperties.srv[0m
[ 98%] [34m[1mGenerating C++ code from gazebo_msgs/GetModelState.srv[0m
[ 98%] [34m[1mGenerating C++ code from gazebo_msgs/DeleteModel.srv[0m
[100%] [34m[1mGenerating C++ code from gazebo_msgs/DeleteLight.srv[0m
[100%] Built target gazebo_msgs_generate_messages_cpp
[35m[1mScanning dependencies of target gazebo_msgs_generate_messages[0m
[100%] Built target gazebo_msgs_generate_messages
