Symlinking /home/satyam/catkin_ws/devel/lib/pkgconfig/pkg_task1.pc
Symlinking /home/satyam/catkin_ws/devel/lib/python2.7/dist-packages/pkg_task1/__init__.py
Symlinking /home/satyam/catkin_ws/devel/lib/python2.7/dist-packages/pkg_task1/msg/_msgTurtleActionResult.py
Symlinking /home/satyam/catkin_ws/devel/lib/python2.7/dist-packages/pkg_task1/msg/_msgTurtleResult.py
Symlinking /home/satyam/catkin_ws/devel/lib/python2.7/dist-packages/pkg_task1/msg/_msgTurtleActionFeedback.py
Symlinking /home/satyam/catkin_ws/devel/lib/python2.7/dist-packages/pkg_task1/msg/_msgTurtleActionGoal.py
Symlinking /home/satyam/catkin_ws/devel/lib/python2.7/dist-packages/pkg_task1/msg/__init__.py
Symlinking /home/satyam/catkin_ws/devel/lib/python2.7/dist-packages/pkg_task1/msg/_msgTurtleAction.py
Symlinking /home/satyam/catkin_ws/devel/lib/python2.7/dist-packages/pkg_task1/msg/_msgTurtleFeedback.py
Symlinking /home/satyam/catkin_ws/devel/lib/python2.7/dist-packages/pkg_task1/msg/_msgTurtleGoal.py
Symlinking /home/satyam/catkin_ws/devel/include/pkg_task1/msgTurtleFeedback.h
Symlinking /home/satyam/catkin_ws/devel/include/pkg_task1/msgTurtleActionFeedback.h
Symlinking /home/satyam/catkin_ws/devel/include/pkg_task1/msgTurtleGoal.h
Symlinking /home/satyam/catkin_ws/devel/include/pkg_task1/msgTurtleAction.h
Symlinking /home/satyam/catkin_ws/devel/include/pkg_task1/msgTurtleActionResult.h
Symlinking /home/satyam/catkin_ws/devel/include/pkg_task1/msgTurtleResult.h
Symlinking /home/satyam/catkin_ws/devel/include/pkg_task1/msgTurtleActionGoal.h
Symlinking /home/satyam/catkin_ws/devel/share/roseus/ros/pkg_task1/manifest.l
Symlinking /home/satyam/catkin_ws/devel/share/roseus/ros/pkg_task1/msg/msgTurtleActionResult.l
Symlinking /home/satyam/catkin_ws/devel/share/roseus/ros/pkg_task1/msg/msgTurtleActionFeedback.l
Symlinking /home/satyam/catkin_ws/devel/share/roseus/ros/pkg_task1/msg/msgTurtleResult.l
Symlinking /home/satyam/catkin_ws/devel/share/roseus/ros/pkg_task1/msg/msgTurtleActionGoal.l
Symlinking /home/satyam/catkin_ws/devel/share/roseus/ros/pkg_task1/msg/msgTurtleFeedback.l
Symlinking /home/satyam/catkin_ws/devel/share/roseus/ros/pkg_task1/msg/msgTurtleAction.l
Symlinking /home/satyam/catkin_ws/devel/share/roseus/ros/pkg_task1/msg/msgTurtleGoal.l
Symlinking /home/satyam/catkin_ws/devel/share/pkg_task1/msg/msgTurtleResult.msg
Symlinking /home/satyam/catkin_ws/devel/share/pkg_task1/msg/msgTurtleFeedback.msg
Symlinking /home/satyam/catkin_ws/devel/share/pkg_task1/msg/msgTurtleGoal.msg
Symlinking /home/satyam/catkin_ws/devel/share/pkg_task1/msg/msgTurtleActionGoal.msg
Symlinking /home/satyam/catkin_ws/devel/share/pkg_task1/msg/msgTurtleActionResult.msg
Symlinking /home/satyam/catkin_ws/devel/share/pkg_task1/msg/msgTurtleActionFeedback.msg
Symlinking /home/satyam/catkin_ws/devel/share/pkg_task1/msg/msgTurtleAction.msg
Symlinking /home/satyam/catkin_ws/devel/share/pkg_task1/cmake/pkg_task1-msg-paths.cmake
Symlinking /home/satyam/catkin_ws/devel/share/pkg_task1/cmake/pkg_task1Config-version.cmake
Symlinking /home/satyam/catkin_ws/devel/share/pkg_task1/cmake/pkg_task1Config.cmake
Symlinking /home/satyam/catkin_ws/devel/share/pkg_task1/cmake/pkg_task1-msg-extras.cmake
Symlinking /home/satyam/catkin_ws/devel/share/gennodejs/ros/pkg_task1/_index.js
Symlinking /home/satyam/catkin_ws/devel/share/gennodejs/ros/pkg_task1/msg/_index.js
Symlinking /home/satyam/catkin_ws/devel/share/gennodejs/ros/pkg_task1/msg/msgTurtleActionGoal.js
Symlinking /home/satyam/catkin_ws/devel/share/gennodejs/ros/pkg_task1/msg/msgTurtleGoal.js
Symlinking /home/satyam/catkin_ws/devel/share/gennodejs/ros/pkg_task1/msg/msgTurtleActionResult.js
Symlinking /home/satyam/catkin_ws/devel/share/gennodejs/ros/pkg_task1/msg/msgTurtleActionFeedback.js
Symlinking /home/satyam/catkin_ws/devel/share/gennodejs/ros/pkg_task1/msg/msgTurtleResult.js
Symlinking /home/satyam/catkin_ws/devel/share/gennodejs/ros/pkg_task1/msg/msgTurtleAction.js
Symlinking /home/satyam/catkin_ws/devel/share/gennodejs/ros/pkg_task1/msg/msgTurtleFeedback.js
Symlinking /home/satyam/catkin_ws/devel/share/common-lisp/ros/pkg_task1/msg/msgTurtleResult.lisp
Symlinking /home/satyam/catkin_ws/devel/share/common-lisp/ros/pkg_task1/msg/_package_msgTurtleActionGoal.lisp
Symlinking /home/satyam/catkin_ws/devel/share/common-lisp/ros/pkg_task1/msg/_package_msgTurtleGoal.lisp
Symlinking /home/satyam/catkin_ws/devel/share/common-lisp/ros/pkg_task1/msg/msgTurtleAction.lisp
Symlinking /home/satyam/catkin_ws/devel/share/common-lisp/ros/pkg_task1/msg/_package.lisp
Symlinking /home/satyam/catkin_ws/devel/share/common-lisp/ros/pkg_task1/msg/_package_msgTurtleResult.lisp
Symlinking /home/satyam/catkin_ws/devel/share/common-lisp/ros/pkg_task1/msg/msgTurtleFeedback.lisp
Symlinking /home/satyam/catkin_ws/devel/share/common-lisp/ros/pkg_task1/msg/_package_msgTurtleAction.lisp
Symlinking /home/satyam/catkin_ws/devel/share/common-lisp/ros/pkg_task1/msg/_package_msgTurtleActionFeedback.lisp
Symlinking /home/satyam/catkin_ws/devel/share/common-lisp/ros/pkg_task1/msg/msgTurtleActionFeedback.lisp
Symlinking /home/satyam/catkin_ws/devel/share/common-lisp/ros/pkg_task1/msg/pkg_task1-msg.asd
Symlinking /home/satyam/catkin_ws/devel/share/common-lisp/ros/pkg_task1/msg/_package_msgTurtleFeedback.lisp
Symlinking /home/satyam/catkin_ws/devel/share/common-lisp/ros/pkg_task1/msg/msgTurtleActionGoal.lisp
Symlinking /home/satyam/catkin_ws/devel/share/common-lisp/ros/pkg_task1/msg/_package_msgTurtleActionResult.lisp
Symlinking /home/satyam/catkin_ws/devel/share/common-lisp/ros/pkg_task1/msg/msgTurtleActionResult.lisp
Symlinking /home/satyam/catkin_ws/devel/share/common-lisp/ros/pkg_task1/msg/msgTurtleGoal.lisp
