[  0%] Built target std_msgs_generate_messages_nodejs
[  0%] Built target _pkg_task1_generate_messages_check_deps_msgTurtleActionGoal
[  0%] Built target actionlib_msgs_generate_messages_nodejs
[  0%] Built target _pkg_task1_generate_messages_check_deps_msgTurtleFeedback
[  0%] Built target _pkg_task1_generate_messages_check_deps_msgTurtleResult
[  0%] Built target _pkg_task1_generate_messages_check_deps_msgTurtleActionResult
[  0%] Built target _pkg_task1_generate_messages_check_deps_msgTurtleGoal
[  0%] Built target std_msgs_generate_messages_cpp
[  0%] Built target _pkg_task1_generate_messages_check_deps_msgTurtleAction
[  0%] Built target _pkg_task1_generate_messages_check_deps_msgTurtleActionFeedback
[  0%] Built target actionlib_msgs_generate_messages_cpp
[  0%] Built target actionlib_msgs_generate_messages_lisp
[  0%] Built target std_msgs_generate_messages_lisp
[  0%] Built target std_msgs_generate_messages_py
[  0%] Built target actionlib_msgs_generate_messages_py
[  0%] Built target std_msgs_generate_messages_eus
[  0%] Built target actionlib_msgs_generate_messages_eus
[ 18%] Built target pkg_task1_generate_messages_nodejs
[ 37%] Built target pkg_task1_generate_messages_cpp
[ 56%] Built target pkg_task1_generate_messages_lisp
[ 78%] Built target pkg_task1_generate_messages_py
[100%] Built target pkg_task1_generate_messages_eus
[100%] Built target pkg_task1_generate_messages
