[35m[1mScanning dependencies of target _pkg_task1_generate_messages_check_deps_msgTurtleActionGoal[0m
[  0%] Built target _pkg_task1_generate_messages_check_deps_msgTurtleActionGoal
[35m[1mScanning dependencies of target std_msgs_generate_messages_nodejs[0m
[  0%] Built target std_msgs_generate_messages_nodejs
[35m[1mScanning dependencies of target actionlib_msgs_generate_messages_nodejs[0m
[  0%] Built target actionlib_msgs_generate_messages_nodejs
[35m[1mScanning dependencies of target _pkg_task1_generate_messages_check_deps_msgTurtleResult[0m
[  0%] Built target _pkg_task1_generate_messages_check_deps_msgTurtleResult
[35m[1mScanning dependencies of target _pkg_task1_generate_messages_check_deps_msgTurtleFeedback[0m
[  0%] Built target _pkg_task1_generate_messages_check_deps_msgTurtleFeedback
[35m[1mScanning dependencies of target _pkg_task1_generate_messages_check_deps_msgTurtleActionResult[0m
[  0%] Built target _pkg_task1_generate_messages_check_deps_msgTurtleActionResult
[35m[1mScanning dependencies of target _pkg_task1_generate_messages_check_deps_msgTurtleGoal[0m
[  0%] Built target _pkg_task1_generate_messages_check_deps_msgTurtleGoal
[35m[1mScanning dependencies of target _pkg_task1_generate_messages_check_deps_msgTurtleAction[0m
[  0%] Built target _pkg_task1_generate_messages_check_deps_msgTurtleAction
[35m[1mScanning dependencies of target _pkg_task1_generate_messages_check_deps_msgTurtleActionFeedback[0m
[  0%] Built target _pkg_task1_generate_messages_check_deps_msgTurtleActionFeedback
[35m[1mScanning dependencies of target std_msgs_generate_messages_cpp[0m
[  0%] Built target std_msgs_generate_messages_cpp
[35m[1mScanning dependencies of target actionlib_msgs_generate_messages_cpp[0m
[  0%] Built target actionlib_msgs_generate_messages_cpp
[35m[1mScanning dependencies of target std_msgs_generate_messages_lisp[0m
[  0%] Built target std_msgs_generate_messages_lisp
[35m[1mScanning dependencies of target actionlib_msgs_generate_messages_lisp[0m
[  0%] Built target actionlib_msgs_generate_messages_lisp
[35m[1mScanning dependencies of target std_msgs_generate_messages_py[0m
[  0%] Built target std_msgs_generate_messages_py
[35m[1mScanning dependencies of target actionlib_msgs_generate_messages_py[0m
[  0%] Built target actionlib_msgs_generate_messages_py
[35m[1mScanning dependencies of target std_msgs_generate_messages_eus[0m
[  0%] Built target std_msgs_generate_messages_eus
[35m[1mScanning dependencies of target actionlib_msgs_generate_messages_eus[0m
[  0%] Built target actionlib_msgs_generate_messages_eus
[35m[1mScanning dependencies of target pkg_task1_generate_messages_nodejs[0m
[  2%] [34m[1mGenerating Javascript code from pkg_task1/msgTurtleGoal.msg[0m
[  5%] [34m[1mGenerating Javascript code from pkg_task1/msgTurtleFeedback.msg[0m
[  8%] [34m[1mGenerating Javascript code from pkg_task1/msgTurtleAction.msg[0m
[ 10%] [34m[1mGenerating Javascript code from pkg_task1/msgTurtleResult.msg[0m
[ 13%] [34m[1mGenerating Javascript code from pkg_task1/msgTurtleActionGoal.msg[0m
[ 16%] [34m[1mGenerating Javascript code from pkg_task1/msgTurtleActionFeedback.msg[0m
[ 18%] [34m[1mGenerating Javascript code from pkg_task1/msgTurtleActionResult.msg[0m
[ 18%] Built target pkg_task1_generate_messages_nodejs
[35m[1mScanning dependencies of target pkg_task1_generate_messages_cpp[0m
[ 21%] [34m[1mGenerating C++ code from pkg_task1/msgTurtleGoal.msg[0m
[ 24%] [34m[1mGenerating C++ code from pkg_task1/msgTurtleFeedback.msg[0m
[ 27%] [34m[1mGenerating C++ code from pkg_task1/msgTurtleAction.msg[0m
[ 29%] [34m[1mGenerating C++ code from pkg_task1/msgTurtleResult.msg[0m
[ 32%] [34m[1mGenerating C++ code from pkg_task1/msgTurtleActionGoal.msg[0m
[ 35%] [34m[1mGenerating C++ code from pkg_task1/msgTurtleActionFeedback.msg[0m
[ 37%] [34m[1mGenerating C++ code from pkg_task1/msgTurtleActionResult.msg[0m
[35m[1mScanning dependencies of target pkg_task1_generate_messages_lisp[0m
[ 40%] [34m[1mGenerating Lisp code from pkg_task1/msgTurtleGoal.msg[0m
[ 40%] Built target pkg_task1_generate_messages_cpp
[ 43%] [34m[1mGenerating Lisp code from pkg_task1/msgTurtleFeedback.msg[0m
[ 45%] [34m[1mGenerating Lisp code from pkg_task1/msgTurtleAction.msg[0m
[ 48%] [34m[1mGenerating Lisp code from pkg_task1/msgTurtleResult.msg[0m
[ 51%] [34m[1mGenerating Lisp code from pkg_task1/msgTurtleActionGoal.msg[0m
[ 54%] [34m[1mGenerating Lisp code from pkg_task1/msgTurtleActionFeedback.msg[0m
[ 56%] [34m[1mGenerating Lisp code from pkg_task1/msgTurtleActionResult.msg[0m
[ 56%] Built target pkg_task1_generate_messages_lisp
[35m[1mScanning dependencies of target pkg_task1_generate_messages_py[0m
[ 59%] [34m[1mGenerating Python from MSG pkg_task1/msgTurtleGoal[0m
[ 62%] [34m[1mGenerating Python from MSG pkg_task1/msgTurtleFeedback[0m
[ 64%] [34m[1mGenerating Python from MSG pkg_task1/msgTurtleAction[0m
[ 67%] [34m[1mGenerating Python from MSG pkg_task1/msgTurtleResult[0m
[ 70%] [34m[1mGenerating Python from MSG pkg_task1/msgTurtleActionGoal[0m
[ 72%] [34m[1mGenerating Python from MSG pkg_task1/msgTurtleActionFeedback[0m
[ 75%] [34m[1mGenerating Python from MSG pkg_task1/msgTurtleActionResult[0m
[ 78%] [34m[1mGenerating Python msg __init__.py for pkg_task1[0m
[ 78%] Built target pkg_task1_generate_messages_py
[35m[1mScanning dependencies of target pkg_task1_generate_messages_eus[0m
[ 81%] [34m[1mGenerating EusLisp code from pkg_task1/msgTurtleGoal.msg[0m
[ 83%] [34m[1mGenerating EusLisp code from pkg_task1/msgTurtleFeedback.msg[0m
[ 86%] [34m[1mGenerating EusLisp code from pkg_task1/msgTurtleAction.msg[0m
[ 89%] [34m[1mGenerating EusLisp code from pkg_task1/msgTurtleResult.msg[0m
[ 91%] [34m[1mGenerating EusLisp code from pkg_task1/msgTurtleActionGoal.msg[0m
[ 94%] [34m[1mGenerating EusLisp code from pkg_task1/msgTurtleActionFeedback.msg[0m
[ 97%] [34m[1mGenerating EusLisp code from pkg_task1/msgTurtleActionResult.msg[0m
[100%] [34m[1mGenerating EusLisp manifest code for pkg_task1[0m
[100%] Built target pkg_task1_generate_messages_eus
[35m[1mScanning dependencies of target pkg_task1_generate_messages[0m
[100%] Built target pkg_task1_generate_messages
